1110:APP_OPEN:startTime=1715668624567
2134:GENERAL_SHOW_PERSPECTIVE:perspective=org.jkiss.dbeaver.core.perspective
2134:GENERAL_VIEW_OPEN:view=org.jkiss.dbeaver.core.databaseNavigator
2134:GENERAL_VIEW_OPEN:view=org.jkiss.dbeaver.core.projectExplorer
2140:GENERAL_SHOW_PERSPECTIVE:perspective=org.jkiss.dbeaver.core.perspective
2140:GENERAL_VIEW_OPEN:view=org.jkiss.dbeaver.core.databaseNavigator
2140:GENERAL_VIEW_OPEN:view=org.jkiss.dbeaver.core.projectExplorer
20214:CONNECTION_OPEN:driver=oracle:oracle_thin
22573:ENTITY_EDITOR_OPEN:className=OracleSchema&driver=oracle:oracle_thin
32203:ENTITY_EDITOR_OPEN:className=OracleTable&driver=oracle:oracle_thin
35601:DATA_EDIT_OPEN:objectType=OracleTable
271753:ENTITY_EDITOR_OPEN:className=OracleTable&driver=oracle:oracle_thin
271827:DATA_EDIT_OPEN:objectType=OracleTable
416094:ENTITY_EDITOR_OPEN:className=OracleTable&driver=oracle:oracle_thin
416187:DATA_EDIT_OPEN:objectType=OracleTable
448969:RESULT_SET_REFRESH
453781:RESULT_SET_REFRESH
454058:RESULT_SET_REFRESH
454242:RESULT_SET_REFRESH
454416:RESULT_SET_REFRESH
512145:RESULT_SET_REFRESH
515426:RESULT_SET_REFRESH
515681:RESULT_SET_REFRESH
515873:RESULT_SET_REFRESH
516048:RESULT_SET_REFRESH
698123:RESULT_SET_REFRESH
698459:RESULT_SET_REFRESH
698611:RESULT_SET_REFRESH
698771:RESULT_SET_REFRESH
698930:RESULT_SET_REFRESH
713859:RESULT_SET_REFRESH
716873:RESULT_SET_REFRESH
717034:RESULT_SET_REFRESH
717196:RESULT_SET_REFRESH
717350:RESULT_SET_REFRESH
717515:RESULT_SET_REFRESH
2834840:RESULT_SET_REFRESH
3106865:RESULT_SET_REFRESH
5509982:SQL_EDITOR_OPEN:driver=
5526355:CONNECTION_OPEN:driver=oracle:oracle_thin
5526438:SQL_EDITOR_OPEN:driver=oracle:oracle_thin
5557481:SQL_EDITOR_OPEN:driver=oracle:oracle_thin
5695151:SQL_EDITOR_OPEN:driver=
