1797:APP_OPEN:startTime=1715186766064
2958:GENERAL_SHOW_PERSPECTIVE:perspective=org.jkiss.dbeaver.core.perspective
2958:GENERAL_VIEW_OPEN:view=org.jkiss.dbeaver.core.databaseNavigator
2958:GENERAL_VIEW_OPEN:view=org.jkiss.dbeaver.core.projectExplorer
2962:GENERAL_SHOW_PERSPECTIVE:perspective=org.jkiss.dbeaver.core.perspective
2962:GENERAL_VIEW_OPEN:view=org.jkiss.dbeaver.core.databaseNavigator
2962:GENERAL_VIEW_OPEN:view=org.jkiss.dbeaver.core.projectExplorer
5051:ENTITY_EDITOR_OPEN:className=OracleTable&driver=oracle:oracle_thin
22243:CONNECTION_OPEN:driver=oracle:oracle_thin
23961:CONNECTION_OPEN:driver=oracle:oracle_thin
39144:SQL_EDITOR_OPEN:driver=oracle:oracle_thin
46551:SQL_EDITOR_OPEN:driver=oracle:oracle_thin
1071367:SQL_EDITOR_EXECUTE_QUERY
1071367:SQL_EDITOR_EXECUTE_QUERY
1157163:SQL_EDITOR_OPEN:driver=oracle:oracle_thin
1165773:SQL_EDITOR_EXECUTE_QUERY
1165773:SQL_EDITOR_EXECUTE_QUERY
1173161:SQL_EDITOR_EXECUTE_QUERY
1173161:SQL_EDITOR_EXECUTE_QUERY
1183129:SQL_EDITOR_EXECUTE_QUERY
1183129:SQL_EDITOR_EXECUTE_QUERY
1191099:ENTITY_EDITOR_OPEN:className=OracleTable&driver=oracle:oracle_thin
1192561:DATA_EDIT_OPEN:objectType=OracleTable
1226620:SQL_EDITOR_EXECUTE_QUERY
1226620:SQL_EDITOR_EXECUTE_QUERY
1230002:SQL_EDITOR_EXECUTE_QUERY
1230002:SQL_EDITOR_EXECUTE_QUERY
1251232:SQL_EDITOR_EXECUTE_QUERY
1251232:SQL_EDITOR_EXECUTE_QUERY
1259943:SQL_EDITOR_EXECUTE_QUERY
1259943:SQL_EDITOR_EXECUTE_QUERY
