2024-05-09 22:05:49.018 - DBeaver 24.0.3.202404211624 is starting
2024-05-09 22:05:49.018 - OS: Windows 11 10.0 (amd64)
2024-05-09 22:05:49.019 - Java version: 17.0.6 by Eclipse Adoptium (64bit)
2024-05-09 22:05:49.019 - Install path: 'C:\Users\dkswl\AppData\Local\DBeaver'
2024-05-09 22:05:49.019 - Instance path: 'file:/C:/Users/dkswl/OneDrive/Documents/code_upload/Auto_window/multi_it/backend/db/db1/'
2024-05-09 22:05:49.020 - Memory available 64Mb/1024Mb
2024-05-09 22:05:49.026 - Create display
2024-05-09 22:05:49.113 - Initialize desktop platform...
2024-05-09 22:05:49.206 - BounceCastle bundle found. Use JCE provider BC
> Start Core File Systems [org.eclipse.core.filesystem 1.10.200.v20231102-0934]
> Start Core Resource Management [org.eclipse.core.resources 3.20.0.v20231102-0934]
> Start 팀 지원 핵심 [org.eclipse.team.core 3.10.200.v20231106-1240]
> Start DBeaver UI Navigator [org.jkiss.dbeaver.ui.navigator 1.0.129.202404211624]
2024-05-09 22:05:49.318 - Initialize base platform...
2024-05-09 22:05:49.334 - Platform initialized (221ms)
> Start DBeaver UI Editors - Base [org.jkiss.dbeaver.ui.editors.base 1.0.129.202404211624]
2024-05-09 22:05:49.391 - Starting instance server at http://localhost:59346
2024-05-09 22:05:49.396 - Run workbench
> Start Eclipse e4 작업영역 SWT [org.eclipse.e4.ui.workbench.swt 0.17.200.v20231030-2045]
> Start Eclipse Application Services [org.eclipse.e4.core.services 2.4.200.v20231103-2012]
> Start Eclipse UI Application Services [org.eclipse.e4.ui.services 1.6.200.v20231030-2045]
> Start Eclipse e4 Progress View [org.eclipse.e4.ui.progress 0.4.200.v20231030-2045]
> Start Eclipse Bindings Support [org.eclipse.e4.ui.bindings 0.14.200.v20231030-2045]
> Start Eclipse e4 core commands [org.eclipse.e4.core.commands 1.1.200.v20231108-1058]
> Start EMF XML/XMI Persistence [org.eclipse.emf.ecore.xmi 2.36.0.v20231002-1156]
> Start Eclipse CSS SWT Theme Support [org.eclipse.e4.ui.css.swt.theme 0.14.200.v20230913-1724]
> Start Eclipse e4 작업영역 기능 추가 [org.eclipse.e4.ui.workbench.addons.swt 1.5.200.v20231106-1600]
> Start Eclipse e4 작업영역 SWT 렌더러 [org.eclipse.e4.ui.workbench.renderers.swt 0.16.200.v20231030-2045]
> Start Eclipse Dependency Injection Extensions [org.eclipse.e4.core.di.extensions 0.18.100.v20231103-2012]
> Start Eclipse CSS SWT Support [org.eclipse.e4.ui.css.swt 0.15.200.v20231025-0632]
> Start jna [com.sun.jna 5.13.0.v20230812-1000]
2024-05-09 22:05:50.893 - Configure workbench window
> Start DBeaver SQL Model [org.jkiss.dbeaver.model.sql 1.0.119.202404211624]
2024-05-09 22:05:50.978 - Total database drivers: 112 (112)
> Start 도움말 시스템 코어 [org.eclipse.help 3.10.200.v20231106-1240]
2024-05-09 22:05:51.034 - Create actions
2024-05-09 22:05:51.037 - Disable Eclipse action set 'org.eclipse.ui.edit.text.actionSet.annotationNavigation'
2024-05-09 22:05:51.037 - Disable Eclipse action set 'org.eclipse.ui.WorkingSetActionSet'
2024-05-09 22:05:51.037 - Disable Eclipse action set 'org.eclipse.ui.actionSet.openFiles'
2024-05-09 22:05:51.038 - Create workbench actions
2024-05-09 22:05:51.260 - Initialize workbench window
2024-05-09 22:05:51.264 - Finish initialization
> Start 기본 문서 편집기 [org.eclipse.ui.editors 3.17.100.v20231106-1600]
> Start 텍스트 편집기 프레임워크 [org.eclipse.ui.workbench.texteditor 3.17.200.v20231106-1600]
> Start DBeaver UI Editors - Data [org.jkiss.dbeaver.ui.editors.data 1.0.129.202404211624]
Warning: NLS unused message: actions_navigator__objects in: org.jkiss.dbeaver.ui.editors.sql.internal.SQLEditorMessages
> Start DBeaver UI Editors - SQL [org.jkiss.dbeaver.ui.editors.sql 1.0.129.202404211624]
> Start DBeaver SQL Terminal [org.jkiss.dbeaver.ui.editors.sql.terminal 1.0.105.202404211624]
> Start 핵심 비교 지원 [org.eclipse.compare.core 3.8.300.v20231106-1240]
> Start 인터넷 연결 관리 사용자 인터페이스 [org.eclipse.ui.net 1.5.200.v20231106-1240]
> Start Internet Connection Management [org.eclipse.core.net 1.5.200.v20231106-1240]
> Start DBeaver Sample Database [org.jkiss.dbeaver.ext.sample.database 1.0.166.202404211624]
> Start DBeaver Tip of the day [org.jkiss.dbeaver.ext.ui.tipoftheday 1.0.135.202404211624]
> Start GEF Classic Draw2d [org.eclipse.draw2d 3.14.100.202311222042]
> Start GEF Classic GEF (MVC) [org.eclipse.gef 3.16.0.202311222042]
> Start DBeaver ERD UI [org.jkiss.dbeaver.erd.ui 3.0.89.202404211624]
> Start DBeaver ERD Model [org.jkiss.dbeaver.erd.model 1.0.89.202404211624]
> Start DBeaver Dashboard UI [org.jkiss.dbeaver.ui.dashboard 1.0.126.202404211624]
> Start DBeaver Dashboards Model [org.jkiss.dbeaver.model.dashboard 1.0.2.202404211624]
> Start DBeaver JDBC Model [org.jkiss.dbeaver.model.jdbc 1.0.22.202404211624]
> Start DBeaver Oracle Model [org.jkiss.dbeaver.ext.oracle 2.1.214.202404211624]
> Start DBeaver UI Editors - Connections [org.jkiss.dbeaver.ui.editors.connection 1.0.120.202404211624]
> Start 콘솔 [org.eclipse.ui.console 3.13.100.v20230914-0751]
> Start 디버그 핵심 [org.eclipse.debug.core 3.21.200.v20231021-1513]
2024-05-09 22:05:52.997 - Connect with 'HR' (oracle_thin-18f5b3af3fd-57dbb2198538b9a0)
2024-05-09 22:05:53.015 - Execution context opened (HR; Main; 0)
2024-05-09 22:05:53.320 - Execution context opened (HR; Metadata; 1)
> Start DBeaver SQL Language Semantic Model [org.jkiss.dbeaver.model.lsm 1.0.24.202404211624]
2024-05-09 22:05:53.426 - Connected (oracle_thin-18f5b3af3fd-57dbb2198538b9a0, Oracle JDBC driver [19.3.0.0.0])
2024-05-09 22:05:53.443 - Execution context opened (HR; SQLEditor <day04_oracle_hr.sql>; 2)
> Start DBeaver Tasks - Native Tools UI [org.jkiss.dbeaver.tasks.native.ui 1.0.107.202404211624]
> Start DBeaver Oracle UI [org.jkiss.dbeaver.ext.oracle.ui 1.0.116.202404211624]
> Start DBeaver Tasks - General UI [org.jkiss.dbeaver.tasks.ui 1.0.107.202404211624]
2024-05-09 22:06:03.473 - Unrecognized Oracle client version at C:\oracle\app\oracle\product\19.0.0.0\db_1
2024-05-09 22:06:03.474 - Unrecognized Oracle client version at C:\oracle\dbhomeXE
2024-05-09 22:06:03.573 - Auth model 'native' was replaced by 'oracle_native'
2024-05-09 22:06:03.591 - Service 'org.jkiss.dbeaver.runtime.ui.UIServiceSecurity' not found
2024-05-09 22:06:18.764 - Connect with 'STR' (oracle_thin-18f5d75f84f-3a8163f5aaf452ac)
2024-05-09 22:06:18.765 - Execution context opened (STR; Main; 3)
2024-05-09 22:06:18.772 - IO 오류: The Network Adapter could not establish the connection
org.jkiss.dbeaver.model.exec.DBCConnectException: IO 오류: The Network Adapter could not establish the connection
	at org.jkiss.dbeaver.model.impl.jdbc.JDBCDataSource.openConnection(JDBCDataSource.java:265)
	at org.jkiss.dbeaver.ext.oracle.model.OracleDataSource.openConnection(OracleDataSource.java:176)
	at org.jkiss.dbeaver.model.impl.jdbc.JDBCExecutionContext.connect(JDBCExecutionContext.java:106)
	at org.jkiss.dbeaver.model.impl.jdbc.JDBCRemoteInstance.initializeMainContext(JDBCRemoteInstance.java:102)
	at org.jkiss.dbeaver.model.impl.jdbc.JDBCRemoteInstance.<init>(JDBCRemoteInstance.java:61)
	at org.jkiss.dbeaver.model.impl.jdbc.JDBCDataSource.initializeRemoteInstance(JDBCDataSource.java:119)
	at org.jkiss.dbeaver.model.impl.jdbc.JDBCDataSource.<init>(JDBCDataSource.java:103)
	at org.jkiss.dbeaver.model.impl.jdbc.JDBCDataSource.<init>(JDBCDataSource.java:94)
	at org.jkiss.dbeaver.ext.oracle.model.OracleDataSource.<init>(OracleDataSource.java:94)
	at org.jkiss.dbeaver.ext.oracle.OracleDataSourceProvider.openDataSource(OracleDataSourceProvider.java:143)
	at org.jkiss.dbeaver.registry.DataSourceDescriptor.openDataSource(DataSourceDescriptor.java:1366)
	at org.jkiss.dbeaver.registry.DataSourceDescriptor.connect0(DataSourceDescriptor.java:1243)
	at org.jkiss.dbeaver.registry.DataSourceDescriptor.connect(DataSourceDescriptor.java:1033)
	at org.jkiss.dbeaver.runtime.jobs.ConnectJob.run(ConnectJob.java:78)
	at org.jkiss.dbeaver.runtime.jobs.ConnectJob.runSync(ConnectJob.java:109)
	at org.jkiss.dbeaver.ui.actions.datasource.DataSourceHandler.connectToDataSource(DataSourceHandler.java:117)
	at org.jkiss.dbeaver.ui.actions.datasource.UIServiceConnectionsImpl.initConnection(UIServiceConnectionsImpl.java:87)
	at org.jkiss.dbeaver.model.DBUtils.initDataSource(DBUtils.java:2505)
	at org.jkiss.dbeaver.model.navigator.DBNDataSource.initializeNode(DBNDataSource.java:158)
	at org.jkiss.dbeaver.model.navigator.DBNDatabaseNode.getChildren(DBNDatabaseNode.java:227)
	at org.jkiss.dbeaver.model.navigator.DBNDatabaseNode.getChildren(DBNDatabaseNode.java:1)
	at org.jkiss.dbeaver.model.navigator.DBNUtils.getNodeChildrenFiltered(DBNUtils.java:91)
	at org.jkiss.dbeaver.ui.navigator.database.load.TreeLoadService.evaluate(TreeLoadService.java:49)
	at org.jkiss.dbeaver.ui.navigator.database.load.TreeLoadService.evaluate(TreeLoadService.java:1)
	at org.jkiss.dbeaver.ui.LoadingJob.run(LoadingJob.java:89)
	at org.jkiss.dbeaver.ui.LoadingJob.run(LoadingJob.java:73)
	at org.jkiss.dbeaver.model.runtime.AbstractJob.run(AbstractJob.java:115)
	at org.eclipse.core.internal.jobs.Worker.run(Worker.java:63)
Caused by: java.sql.SQLRecoverableException: IO 오류: The Network Adapter could not establish the connection
	at oracle.jdbc.driver.T4CConnection.logon(T4CConnection.java:854)
	at oracle.jdbc.driver.PhysicalConnection.connect(PhysicalConnection.java:793)
	at oracle.jdbc.driver.T4CDriverExtension.getConnection(T4CDriverExtension.java:57)
	at oracle.jdbc.driver.OracleDriver.connect(OracleDriver.java:747)
	at oracle.jdbc.driver.OracleDriver.connect(OracleDriver.java:562)
	at org.jkiss.dbeaver.model.impl.jdbc.JDBCConnectionOpener.run(JDBCConnectionOpener.java:109)
	at org.jkiss.dbeaver.model.impl.jdbc.JDBCConnectionOpener.run(JDBCConnectionOpener.java:83)
	at org.jkiss.dbeaver.model.impl.jdbc.JDBCDataSource.openConnection(JDBCDataSource.java:221)
	... 27 more
Caused by: oracle.net.ns.NetException: The Network Adapter could not establish the connection
	at oracle.net.nt.ConnStrategy.execute(ConnStrategy.java:571)
	at oracle.net.resolver.AddrResolution.resolveAndExecute(AddrResolution.java:548)
	at oracle.net.ns.NSProtocol.establishConnection(NSProtocol.java:682)
	at oracle.net.ns.NSProtocol.connect(NSProtocol.java:309)
	at oracle.jdbc.driver.T4CConnection.connect(T4CConnection.java:1596)
	at oracle.jdbc.driver.T4CConnection.logon(T4CConnection.java:588)
	... 34 more
Caused by: java.io.IOException: Connection refused: connect, socket connect lapse 0 ms. /0:0:0:0:0:0:0:1 1521 0 1 true
	at oracle.net.nt.TcpNTAdapter.connect(TcpNTAdapter.java:233)
	at oracle.net.nt.ConnOption.connect(ConnOption.java:174)
	at oracle.net.nt.ConnStrategy.execute(ConnStrategy.java:510)
	... 39 more
Caused by: java.net.ConnectException: Connection refused: connect
	at java.base/sun.nio.ch.Net.connect0(Native Method)
	at java.base/sun.nio.ch.Net.connect(Unknown Source)
	at java.base/sun.nio.ch.Net.connect(Unknown Source)
	at java.base/sun.nio.ch.SocketChannelImpl.connect(Unknown Source)
	at java.base/java.nio.channels.SocketChannel.open(Unknown Source)
	at oracle.net.nt.TimeoutSocketChannel.connect(TimeoutSocketChannel.java:99)
	at oracle.net.nt.TimeoutSocketChannel.<init>(TimeoutSocketChannel.java:77)
	at oracle.net.nt.TcpNTAdapter.connect(TcpNTAdapter.java:192)
	... 41 more
2024-05-09 22:11:24.704 - Datasource oracle_thin-18f3c211492-2c1234772ecf2464 not found in project General (/General/Scripts/apple1.sql)
2024-05-09 22:11:24.705 - Datasource oracle_thin-18f55de7e19-3444e4cef96c14dc not found in project General (/General/Scripts/day03_oracle_hr.sql)
2024-05-09 22:11:24.705 - Datasource oracle_thin-18f55de7e19-3444e4cef96c14dc not found in project General (/General/Scripts/day03_oracle_scott.sql)
2024-05-09 22:11:24.706 - Datasource oracle_thin-18f3c211492-2c1234772ecf2464 not found in project General (/General/Scripts/day011_oracle.sql)
2024-05-09 22:11:24.706 - Datasource oracle_thin-18f55de7e19-3444e4cef96c14dc not found in project General (/General/Scripts/DB_20240507_안지연.SQL)
2024-05-09 22:11:24.707 - Datasource oracle_thin-18f3c211492-2c1234772ecf2464 not found in project General (/General/Scripts/rollback.sql)
2024-05-09 22:11:24.707 - Datasource oracle_thin-18f3c211492-2c1234772ecf2464 not found in project General (/General/Scripts/scottTableInsert.sql)
2024-05-09 22:11:24.707 - Datasource oracle_thin-18f55de7e19-3444e4cef96c14dc not found in project General (/General/Scripts/Script-4.sql)
2024-05-09 22:11:26.369 - Datasource oracle_thin-18f3c211492-2c1234772ecf2464 not found in project General (/General/Scripts/apple1.sql)
2024-05-09 22:11:26.369 - Datasource oracle_thin-18f3c211492-2c1234772ecf2464 not found in project General (/General/Scripts/apple1.sql)
2024-05-09 22:11:26.370 - Datasource oracle_thin-18f3c211492-2c1234772ecf2464 not found in project General (/General/Scripts/apple1.sql)
2024-05-09 22:11:26.370 - Datasource oracle_thin-18f3c211492-2c1234772ecf2464 not found in project General (/General/Scripts/apple1.sql)
2024-05-09 22:11:26.370 - Datasource oracle_thin-18f3c211492-2c1234772ecf2464 not found in project General (/General/Scripts/apple1.sql)
2024-05-09 22:11:26.541 - Datasource oracle_thin-18f3c211492-2c1234772ecf2464 not found in project General (/General/Scripts/apple1.sql)
2024-05-09 22:11:26.541 - Datasource oracle_thin-18f3c211492-2c1234772ecf2464 not found in project General (/General/Scripts/apple1.sql)
2024-05-09 22:11:26.541 - Datasource oracle_thin-18f3c211492-2c1234772ecf2464 not found in project General (/General/Scripts/apple1.sql)
2024-05-09 22:11:26.550 - Datasource oracle_thin-18f3c211492-2c1234772ecf2464 not found in project General (/General/Scripts/apple1.sql)
2024-05-09 22:11:26.550 - Datasource oracle_thin-18f3c211492-2c1234772ecf2464 not found in project General (/General/Scripts/apple1.sql)
2024-05-09 22:11:30.651 - Service 'org.jkiss.dbeaver.runtime.IEnvironmentPathMapper' not found
2024-05-09 22:17:31.612 - Close active transactions - error
org.jkiss.dbeaver.model.impl.jdbc.JDBCException: SQL Error [17002] [08006]: IO 오류: 현재 연결은 사용자의 호스트 시스템의 소프트웨어의 의해 중단되었습니다
	at org.jkiss.dbeaver.model.impl.jdbc.JDBCExecutionContext.commit(JDBCExecutionContext.java:418)
	at org.jkiss.dbeaver.ui.actions.datasource.DataSourceHandler$EndTransactionTask.run(DataSourceHandler.java:308)
	at org.jkiss.dbeaver.utils.RuntimeUtils$MonitoringTask.run(RuntimeUtils.java:727)
	at org.jkiss.dbeaver.utils.RuntimeUtils$1.run(RuntimeUtils.java:263)
	at org.jkiss.dbeaver.model.runtime.AbstractJob.run(AbstractJob.java:115)
	at org.eclipse.core.internal.jobs.Worker.run(Worker.java:63)
Caused by: java.sql.SQLRecoverableException: IO 오류: 현재 연결은 사용자의 호스트 시스템의 소프트웨어의 의해 중단되었습니다
	at oracle.jdbc.driver.T4CConnection.doCommit(T4CConnection.java:1102)
	at oracle.jdbc.driver.PhysicalConnection.commit(PhysicalConnection.java:2202)
	at oracle.jdbc.driver.PhysicalConnection.commit(PhysicalConnection.java:2207)
	at org.jkiss.dbeaver.model.impl.jdbc.JDBCExecutionContext.commit(JDBCExecutionContext.java:416)
	... 5 more
Caused by: java.io.IOException: 현재 연결은 사용자의 호스트 시스템의 소프트웨어의 의해 중단되었습니다
	at java.base/sun.nio.ch.SocketDispatcher.write0(Native Method)
	at java.base/sun.nio.ch.SocketDispatcher.write(Unknown Source)
	at java.base/sun.nio.ch.IOUtil.writeFromNativeBuffer(Unknown Source)
	at java.base/sun.nio.ch.IOUtil.write(Unknown Source)
	at java.base/sun.nio.ch.IOUtil.write(Unknown Source)
	at java.base/sun.nio.ch.SocketChannelImpl.write(Unknown Source)
	at oracle.net.nt.TimeoutSocketChannel.write(TimeoutSocketChannel.java:203)
	at oracle.net.ns.NIOPacket.writeToSocketChannel(NIOPacket.java:350)
	at oracle.net.ns.NIONSDataChannel.writeDataToSocketChannel(NIONSDataChannel.java:199)
	at oracle.net.ns.NIONSDataChannel.writeDataToSocketChannel(NIONSDataChannel.java:144)
	at oracle.jdbc.driver.T4CMAREngineNIO.flush(T4CMAREngineNIO.java:743)
	at oracle.jdbc.driver.T4CMAREngineNIO.prepareForUnmarshall(T4CMAREngineNIO.java:756)
	at oracle.jdbc.driver.T4CMAREngineNIO.unmarshalUB1(T4CMAREngineNIO.java:429)
	at oracle.jdbc.driver.T4CTTIfun.receive(T4CTTIfun.java:407)
	at oracle.jdbc.driver.T4CTTIfun.doRPC(T4CTTIfun.java:268)
	at oracle.jdbc.driver.T4C7Ocommoncall.doOCOMMIT(T4C7Ocommoncall.java:74)
	at oracle.jdbc.driver.T4CConnection.doCommit(T4CConnection.java:1045)
	... 8 more
2024-05-09 22:17:31.670 - End editor transaction - error
org.jkiss.dbeaver.model.impl.jdbc.JDBCException: SQL Error [17008] [08003]: 접속 종료
	at org.jkiss.dbeaver.model.impl.jdbc.JDBCExecutionContext.rollback(JDBCExecutionContext.java:443)
	at org.jkiss.dbeaver.ui.editors.EditorUtils.lambda$1(EditorUtils.java:553)
	at org.jkiss.dbeaver.utils.RuntimeUtils$MonitoringTask.run(RuntimeUtils.java:727)
	at org.jkiss.dbeaver.utils.RuntimeUtils$1.run(RuntimeUtils.java:263)
	at org.jkiss.dbeaver.model.runtime.AbstractJob.run(AbstractJob.java:115)
	at org.eclipse.core.internal.jobs.Worker.run(Worker.java:63)
Caused by: java.sql.SQLRecoverableException: 접속 종료
	at oracle.jdbc.driver.PhysicalConnection.getAutoCommit(PhysicalConnection.java:2089)
	at oracle.jdbc.driver.PhysicalConnection.rollback(PhysicalConnection.java:2218)
	at org.jkiss.dbeaver.model.impl.jdbc.JDBCExecutionContext.rollback(JDBCExecutionContext.java:440)
	... 5 more
2024-05-09 22:17:31.789 - Error closing active transaction
java.sql.SQLRecoverableException: 접속 종료
	at oracle.jdbc.driver.PhysicalConnection.getAutoCommit(PhysicalConnection.java:2089)
	at oracle.jdbc.driver.PhysicalConnection.rollback(PhysicalConnection.java:2218)
	at org.jkiss.dbeaver.model.impl.jdbc.JDBCDataSource.lambda$0(JDBCDataSource.java:365)
	at org.jkiss.dbeaver.utils.RuntimeUtils$MonitoringTask.run(RuntimeUtils.java:727)
	at org.jkiss.dbeaver.utils.RuntimeUtils$1.run(RuntimeUtils.java:263)
	at org.jkiss.dbeaver.model.runtime.AbstractJob.run(AbstractJob.java:115)
	at org.eclipse.core.internal.jobs.Worker.run(Worker.java:63)
2024-05-09 22:17:31.799 - Execution context closed (HR, 2)
2024-05-09 22:17:31.956 - DBeaver is stopping
2024-05-09 22:17:31.957 - Stop instance server
2024-05-09 22:17:32.962 - Instance server has been stopped
2024-05-09 22:17:32.962 - DBeaver shutdown completed
