2024-05-13 00:10:27.291 - DBeaver 24.0.3.202404211624 is starting
2024-05-13 00:10:27.292 - OS: Windows 11 10.0 (amd64)
2024-05-13 00:10:27.292 - Java version: 17.0.6 by Eclipse Adoptium (64bit)
2024-05-13 00:10:27.292 - Install path: 'C:\Users\dkswl\AppData\Local\DBeaver'
2024-05-13 00:10:27.292 - Instance path: 'file:/C:/Users/dkswl/OneDrive/Documents/code_upload/Auto_window/multi_it/backend/db/db1/'
2024-05-13 00:10:27.293 - Memory available 64Mb/1024Mb
2024-05-13 00:10:27.297 - Create display
2024-05-13 00:10:27.382 - Initialize desktop platform...
2024-05-13 00:10:27.475 - BounceCastle bundle found. Use JCE provider BC
> Start Core File Systems [org.eclipse.core.filesystem 1.10.200.v20231102-0934]
> Start Core Resource Management [org.eclipse.core.resources 3.20.0.v20231102-0934]
> Start 팀 지원 핵심 [org.eclipse.team.core 3.10.200.v20231106-1240]
> Start DBeaver UI Navigator [org.jkiss.dbeaver.ui.navigator 1.0.129.202404211624]
2024-05-13 00:10:27.599 - Initialize base platform...
2024-05-13 00:10:27.614 - Platform initialized (232ms)
> Start DBeaver UI Editors - Base [org.jkiss.dbeaver.ui.editors.base 1.0.129.202404211624]
2024-05-13 00:10:27.666 - Starting instance server at http://localhost:63299
2024-05-13 00:10:27.672 - Run workbench
> Start Eclipse e4 작업영역 SWT [org.eclipse.e4.ui.workbench.swt 0.17.200.v20231030-2045]
> Start Eclipse Application Services [org.eclipse.e4.core.services 2.4.200.v20231103-2012]
> Start Eclipse UI Application Services [org.eclipse.e4.ui.services 1.6.200.v20231030-2045]
> Start Eclipse e4 Progress View [org.eclipse.e4.ui.progress 0.4.200.v20231030-2045]
> Start Eclipse Bindings Support [org.eclipse.e4.ui.bindings 0.14.200.v20231030-2045]
> Start Eclipse e4 core commands [org.eclipse.e4.core.commands 1.1.200.v20231108-1058]
> Start EMF XML/XMI Persistence [org.eclipse.emf.ecore.xmi 2.36.0.v20231002-1156]
> Start Eclipse CSS SWT Theme Support [org.eclipse.e4.ui.css.swt.theme 0.14.200.v20230913-1724]
> Start Eclipse e4 작업영역 기능 추가 [org.eclipse.e4.ui.workbench.addons.swt 1.5.200.v20231106-1600]
> Start Eclipse e4 작업영역 SWT 렌더러 [org.eclipse.e4.ui.workbench.renderers.swt 0.16.200.v20231030-2045]
> Start Eclipse Dependency Injection Extensions [org.eclipse.e4.core.di.extensions 0.18.100.v20231103-2012]
> Start Eclipse CSS SWT Support [org.eclipse.e4.ui.css.swt 0.15.200.v20231025-0632]
> Start jna [com.sun.jna 5.13.0.v20230812-1000]
2024-05-13 00:10:29.144 - Configure workbench window
> Start DBeaver SQL Model [org.jkiss.dbeaver.model.sql 1.0.119.202404211624]
2024-05-13 00:10:29.228 - Total database drivers: 112 (112)
> Start 도움말 시스템 코어 [org.eclipse.help 3.10.200.v20231106-1240]
2024-05-13 00:10:29.282 - Create actions
2024-05-13 00:10:29.285 - Disable Eclipse action set 'org.eclipse.ui.edit.text.actionSet.annotationNavigation'
2024-05-13 00:10:29.285 - Disable Eclipse action set 'org.eclipse.ui.WorkingSetActionSet'
2024-05-13 00:10:29.285 - Disable Eclipse action set 'org.eclipse.ui.actionSet.openFiles'
2024-05-13 00:10:29.287 - Create workbench actions
2024-05-13 00:10:29.503 - Initialize workbench window
2024-05-13 00:10:29.507 - Finish initialization
> Start 기본 문서 편집기 [org.eclipse.ui.editors 3.17.100.v20231106-1600]
> Start 텍스트 편집기 프레임워크 [org.eclipse.ui.workbench.texteditor 3.17.200.v20231106-1600]
> Start DBeaver UI Editors - Data [org.jkiss.dbeaver.ui.editors.data 1.0.129.202404211624]
> Start 인터넷 연결 관리 사용자 인터페이스 [org.eclipse.ui.net 1.5.200.v20231106-1240]
> Start Internet Connection Management [org.eclipse.core.net 1.5.200.v20231106-1240]
Warning: NLS unused message: actions_navigator__objects in: org.jkiss.dbeaver.ui.editors.sql.internal.SQLEditorMessages
> Start DBeaver UI Editors - SQL [org.jkiss.dbeaver.ui.editors.sql 1.0.129.202404211624]
> Start DBeaver Sample Database [org.jkiss.dbeaver.ext.sample.database 1.0.166.202404211624]
> Start DBeaver Tip of the day [org.jkiss.dbeaver.ext.ui.tipoftheday 1.0.135.202404211624]
> Start GEF Classic Draw2d [org.eclipse.draw2d 3.14.100.202311222042]
> Start GEF Classic GEF (MVC) [org.eclipse.gef 3.16.0.202311222042]
> Start DBeaver ERD UI [org.jkiss.dbeaver.erd.ui 3.0.89.202404211624]
> Start DBeaver ERD Model [org.jkiss.dbeaver.erd.model 1.0.89.202404211624]
> Start DBeaver Dashboard UI [org.jkiss.dbeaver.ui.dashboard 1.0.126.202404211624]
> Start DBeaver Dashboards Model [org.jkiss.dbeaver.model.dashboard 1.0.2.202404211624]
> Start DBeaver JDBC Model [org.jkiss.dbeaver.model.jdbc 1.0.22.202404211624]
> Start DBeaver Oracle Model [org.jkiss.dbeaver.ext.oracle 2.1.214.202404211624]
2024-05-13 00:10:30.343 - Connect with 'SCOTT' (oracle_thin-18f5d9d0db8-1d803d45a8e93add)
2024-05-13 00:10:30.363 - Execution context opened (SCOTT; Main; 0)
2024-05-13 00:10:30.556 - Execution context opened (SCOTT; Metadata; 1)
2024-05-13 00:10:30.600 - Connected (oracle_thin-18f5d9d0db8-1d803d45a8e93add, Oracle JDBC driver [11.2.0.3.0])
> Start DBeaver Oracle UI [org.jkiss.dbeaver.ext.oracle.ui 1.0.116.202404211624]
2024-05-13 00:10:33.078 - Open [https://dbeaver.io/product/version.xml]
