2024-05-07 14:21:39.953 - DBeaver 24.0.3.202404211624 is starting
2024-05-07 14:21:39.953 - OS: Windows 11 10.0 (amd64)
2024-05-07 14:21:39.953 - Java version: 17.0.6 by Eclipse Adoptium (64bit)
2024-05-07 14:21:39.954 - Install path: 'C:\Users\dkswl\AppData\Local\DBeaver'
2024-05-07 14:21:39.954 - Instance path: 'file:/C:/Users/dkswl/OneDrive/Documents/code_upload/Auto_window/multi_it/backend/db/db1/'
2024-05-07 14:21:39.954 - Memory available 64Mb/1024Mb
2024-05-07 14:21:39.960 - Create display
2024-05-07 14:21:40.027 - Initialize desktop platform...
2024-05-07 14:21:40.096 - BounceCastle bundle found. Use JCE provider BC
> Start Core File Systems [org.eclipse.core.filesystem 1.10.200.v20231102-0934]
> Start Core Resource Management [org.eclipse.core.resources 3.20.0.v20231102-0934]
> Start 팀 지원 핵심 [org.eclipse.team.core 3.10.200.v20231106-1240]
> Start DBeaver UI Navigator [org.jkiss.dbeaver.ui.navigator 1.0.129.202404211624]
2024-05-07 14:21:40.204 - Initialize base platform...
2024-05-07 14:21:40.215 - Platform initialized (188ms)
> Start DBeaver UI Editors - Base [org.jkiss.dbeaver.ui.editors.base 1.0.129.202404211624]
2024-05-07 14:21:40.270 - Starting instance server at http://localhost:52174
2024-05-07 14:21:40.276 - Run workbench
> Start Eclipse e4 작업영역 SWT [org.eclipse.e4.ui.workbench.swt 0.17.200.v20231030-2045]
> Start Eclipse Application Services [org.eclipse.e4.core.services 2.4.200.v20231103-2012]
> Start Eclipse UI Application Services [org.eclipse.e4.ui.services 1.6.200.v20231030-2045]
> Start Eclipse e4 Progress View [org.eclipse.e4.ui.progress 0.4.200.v20231030-2045]
> Start Eclipse Bindings Support [org.eclipse.e4.ui.bindings 0.14.200.v20231030-2045]
> Start Eclipse e4 core commands [org.eclipse.e4.core.commands 1.1.200.v20231108-1058]
> Start EMF XML/XMI Persistence [org.eclipse.emf.ecore.xmi 2.36.0.v20231002-1156]
> Start Eclipse CSS SWT Theme Support [org.eclipse.e4.ui.css.swt.theme 0.14.200.v20230913-1724]
> Start Eclipse e4 작업영역 기능 추가 [org.eclipse.e4.ui.workbench.addons.swt 1.5.200.v20231106-1600]
> Start Eclipse e4 작업영역 SWT 렌더러 [org.eclipse.e4.ui.workbench.renderers.swt 0.16.200.v20231030-2045]
> Start Eclipse Dependency Injection Extensions [org.eclipse.e4.core.di.extensions 0.18.100.v20231103-2012]
> Start Eclipse CSS SWT Support [org.eclipse.e4.ui.css.swt 0.15.200.v20231025-0632]
> Start jna [com.sun.jna 5.13.0.v20230812-1000]
2024-05-07 14:21:41.139 - Configure workbench window
> Start DBeaver SQL Model [org.jkiss.dbeaver.model.sql 1.0.119.202404211624]
2024-05-07 14:21:41.220 - Total database drivers: 112 (112)
> Start 도움말 시스템 코어 [org.eclipse.help 3.10.200.v20231106-1240]
2024-05-07 14:21:41.269 - Create actions
2024-05-07 14:21:41.273 - Disable Eclipse action set 'org.eclipse.ui.edit.text.actionSet.annotationNavigation'
2024-05-07 14:21:41.274 - Disable Eclipse action set 'org.eclipse.ui.WorkingSetActionSet'
2024-05-07 14:21:41.274 - Disable Eclipse action set 'org.eclipse.ui.actionSet.openFiles'
2024-05-07 14:21:41.274 - Create workbench actions
2024-05-07 14:21:41.504 - Initialize workbench window
2024-05-07 14:21:41.508 - Finish initialization
> Start 기본 문서 편집기 [org.eclipse.ui.editors 3.17.100.v20231106-1600]
> Start 텍스트 편집기 프레임워크 [org.eclipse.ui.workbench.texteditor 3.17.200.v20231106-1600]
> Start DBeaver UI Editors - Data [org.jkiss.dbeaver.ui.editors.data 1.0.129.202404211624]
Warning: NLS unused message: actions_navigator__objects in: org.jkiss.dbeaver.ui.editors.sql.internal.SQLEditorMessages
> Start DBeaver UI Editors - SQL [org.jkiss.dbeaver.ui.editors.sql 1.0.129.202404211624]
> Start DBeaver SQL Terminal [org.jkiss.dbeaver.ui.editors.sql.terminal 1.0.105.202404211624]
> Start 핵심 비교 지원 [org.eclipse.compare.core 3.8.300.v20231106-1240]
> Start 인터넷 연결 관리 사용자 인터페이스 [org.eclipse.ui.net 1.5.200.v20231106-1240]
> Start Internet Connection Management [org.eclipse.core.net 1.5.200.v20231106-1240]
> Start DBeaver Sample Database [org.jkiss.dbeaver.ext.sample.database 1.0.166.202404211624]
> Start DBeaver Tip of the day [org.jkiss.dbeaver.ext.ui.tipoftheday 1.0.135.202404211624]
> Start GEF Classic Draw2d [org.eclipse.draw2d 3.14.100.202311222042]
> Start GEF Classic GEF (MVC) [org.eclipse.gef 3.16.0.202311222042]
> Start DBeaver ERD UI [org.jkiss.dbeaver.erd.ui 3.0.89.202404211624]
> Start DBeaver ERD Model [org.jkiss.dbeaver.erd.model 1.0.89.202404211624]
> Start DBeaver Dashboard UI [org.jkiss.dbeaver.ui.dashboard 1.0.126.202404211624]
> Start DBeaver Dashboards Model [org.jkiss.dbeaver.model.dashboard 1.0.2.202404211624]
> Start DBeaver JDBC Model [org.jkiss.dbeaver.model.jdbc 1.0.22.202404211624]
> Start DBeaver Oracle Model [org.jkiss.dbeaver.ext.oracle 2.1.214.202404211624]
> Start DBeaver UI Editors - Connections [org.jkiss.dbeaver.ui.editors.connection 1.0.120.202404211624]
> Start 콘솔 [org.eclipse.ui.console 3.13.100.v20230914-0751]
> Start 디버그 핵심 [org.eclipse.debug.core 3.21.200.v20231021-1513]
2024-05-07 14:21:43.323 - Connect with 'SCOTT' (oracle_thin-18f3db9c996-14d3d81bc8b1d691)
2024-05-07 14:21:43.340 - Execution context opened (SCOTT; Main; 0)
2024-05-07 14:21:43.605 - Execution context opened (SCOTT; Metadata; 1)
2024-05-07 14:21:43.682 - Connected (oracle_thin-18f3db9c996-14d3d81bc8b1d691, Oracle JDBC driver [19.3.0.0.0])
2024-05-07 14:21:43.702 - Execution context opened (SCOTT; SQLEditor <day02_oracle.sql>; 2)
> Start DBeaver SQL Language Semantic Model [org.jkiss.dbeaver.model.lsm 1.0.24.202404211624]
> Start DBeaver Tasks - Native Tools UI [org.jkiss.dbeaver.tasks.native.ui 1.0.107.202404211624]
> Start DBeaver Oracle UI [org.jkiss.dbeaver.ext.oracle.ui 1.0.116.202404211624]
> Start DBeaver Tasks - General UI [org.jkiss.dbeaver.tasks.ui 1.0.107.202404211624]
2024-05-07 14:24:46.367 - Datasource oracle_thin-18f3c211492-2c1234772ecf2464 not found in project General (/General/Scripts/apple1.sql)
2024-05-07 14:24:46.368 - Datasource oracle_thin-18f3c211492-2c1234772ecf2464 not found in project General (/General/Scripts/day011_oracle.sql)
2024-05-07 14:24:46.368 - Datasource oracle_thin-18f3c211492-2c1234772ecf2464 not found in project General (/General/Scripts/rollback.sql)
2024-05-07 14:24:46.369 - Datasource oracle_thin-18f3c211492-2c1234772ecf2464 not found in project General (/General/Scripts/scottTableInsert.sql)
> Start DBeaver Data Transfer [org.jkiss.dbeaver.data.transfer 2.0.113.202404211624]
2024-05-07 14:26:24.139 - org.jkiss.dbeaver.model.sql.DBSQLException: SQL Error [2443] [72000]: ORA-02443: 존재하지 않는 제약 - 삭제할 수 없습니다

	at org.jkiss.dbeaver.model.impl.jdbc.exec.JDBCStatementImpl.executeStatement(JDBCStatementImpl.java:133)
	at org.jkiss.dbeaver.ui.editors.sql.execute.SQLQueryJob.executeStatement(SQLQueryJob.java:614)
	at org.jkiss.dbeaver.ui.editors.sql.execute.SQLQueryJob.lambda$2(SQLQueryJob.java:505)
	at org.jkiss.dbeaver.model.exec.DBExecUtils.tryExecuteRecover(DBExecUtils.java:194)
	at org.jkiss.dbeaver.ui.editors.sql.execute.SQLQueryJob.executeSingleQuery(SQLQueryJob.java:524)
	at org.jkiss.dbeaver.ui.editors.sql.execute.SQLQueryJob.run(SQLQueryJob.java:239)
	at org.jkiss.dbeaver.model.runtime.AbstractJob.run(AbstractJob.java:115)
	at org.eclipse.core.internal.jobs.Worker.run(Worker.java:63)
Caused by: java.sql.SQLException: ORA-02443: 존재하지 않는 제약 - 삭제할 수 없습니다

	at oracle.jdbc.driver.T4CTTIoer11.processError(T4CTTIoer11.java:509)
	at oracle.jdbc.driver.T4CTTIoer11.processError(T4CTTIoer11.java:461)
	at oracle.jdbc.driver.T4C8Oall.processError(T4C8Oall.java:1104)
	at oracle.jdbc.driver.T4CTTIfun.receive(T4CTTIfun.java:550)
	at oracle.jdbc.driver.T4CTTIfun.doRPC(T4CTTIfun.java:268)
	at oracle.jdbc.driver.T4C8Oall.doOALL(T4C8Oall.java:655)
	at oracle.jdbc.driver.T4CStatement.doOall8(T4CStatement.java:229)
	at oracle.jdbc.driver.T4CStatement.doOall8(T4CStatement.java:41)
	at oracle.jdbc.driver.T4CStatement.executeForRows(T4CStatement.java:928)
	at oracle.jdbc.driver.OracleStatement.doExecuteWithTimeout(OracleStatement.java:1205)
	at oracle.jdbc.driver.OracleStatement.executeInternal(OracleStatement.java:1823)
	at oracle.jdbc.driver.OracleStatement.execute(OracleStatement.java:1778)
	at oracle.jdbc.driver.OracleStatementWrapper.execute(OracleStatementWrapper.java:303)
	at org.jkiss.dbeaver.model.impl.jdbc.exec.JDBCStatementImpl.execute(JDBCStatementImpl.java:330)
	at org.jkiss.dbeaver.model.impl.jdbc.exec.JDBCStatementImpl.executeStatement(JDBCStatementImpl.java:131)
	... 7 more
Caused by: Error : 2443, Position : 36, Sql = ALTER TABLE TEST22
DROP CONSTRAINT PK_TEST22_ID , OriginalSql = ALTER TABLE TEST22
DROP CONSTRAINT PK_TEST22_ID , Error Msg = ORA-02443: 존재하지 않는 제약 - 삭제할 수 없습니다

	at oracle.jdbc.driver.T4CTTIoer11.processError(T4CTTIoer11.java:513)
	... 21 more
2024-05-07 14:28:34.991 - Connect with 'localhost' (mysql8-18f3c461bfa-21fe0936290d0a3f)
> Start DBeaver MySQL Support [org.jkiss.dbeaver.ext.mysql 2.1.214.202404211624]
2024-05-07 14:28:35.000 - Execution context opened (localhost; Main; 3)
> Start DBeaver GIS Support [org.jkiss.dbeaver.data.gis 1.0.153.202404211624]
2024-05-07 14:28:35.125 - Execution context opened (localhost; Metadata; 4)
2024-05-07 14:28:35.177 - Connected (mysql8-18f3c461bfa-21fe0936290d0a3f, MySQL Connector/J [mysql-connector-j-8.2.0 (Revision: 06a1f724497fd81c6a659131fda822c9e5085b6c)])
2024-05-07 14:28:41.469 - Execution context opened (localhost; SQLEditor <day02_oracle.sql>; 5)
2024-05-07 14:28:41.480 - Execution context closed (SCOTT, 2)
> Start DBeaver MySQL UI Support [org.jkiss.dbeaver.ext.mysql.ui 1.0.121.202404211624]
2024-05-07 14:28:45.523 - Execution context closed (localhost, 5)
2024-05-07 14:28:49.436 - Execution context opened (localhost; SQLEditor <Script-3.sql>; 6)
2024-05-07 14:29:01.018 - Datasource oracle_thin-18f3c211492-2c1234772ecf2464 not found in project General (/General/Scripts/apple1.sql)
2024-05-07 14:29:01.019 - Datasource oracle_thin-18f3c211492-2c1234772ecf2464 not found in project General (/General/Scripts/day011_oracle.sql)
2024-05-07 14:29:01.019 - Datasource oracle_thin-18f3c211492-2c1234772ecf2464 not found in project General (/General/Scripts/rollback.sql)
2024-05-07 14:29:01.019 - Datasource oracle_thin-18f3c211492-2c1234772ecf2464 not found in project General (/General/Scripts/scottTableInsert.sql)
2024-05-07 14:29:06.772 - Execution context opened (localhost; SQLEditor <day02_oracle.sql>; 7)
2024-05-07 14:30:18.692 - Datasource oracle_thin-18f3c211492-2c1234772ecf2464 not found in project General (/General/Scripts/apple1.sql)
2024-05-07 14:30:18.693 - Datasource oracle_thin-18f3c211492-2c1234772ecf2464 not found in project General (/General/Scripts/day011_oracle.sql)
2024-05-07 14:30:18.693 - Datasource oracle_thin-18f3c211492-2c1234772ecf2464 not found in project General (/General/Scripts/rollback.sql)
2024-05-07 14:30:18.693 - Datasource oracle_thin-18f3c211492-2c1234772ecf2464 not found in project General (/General/Scripts/scottTableInsert.sql)
2024-05-07 14:30:18.697 - Datasource oracle_thin-18f3c211492-2c1234772ecf2464 not found in project General (/General/Scripts/apple1.sql)
2024-05-07 14:30:18.697 - Datasource oracle_thin-18f3c211492-2c1234772ecf2464 not found in project General (/General/Scripts/day011_oracle.sql)
2024-05-07 14:30:18.697 - Datasource oracle_thin-18f3c211492-2c1234772ecf2464 not found in project General (/General/Scripts/rollback.sql)
2024-05-07 14:30:18.697 - Datasource oracle_thin-18f3c211492-2c1234772ecf2464 not found in project General (/General/Scripts/scottTableInsert.sql)
2024-05-07 14:30:18.698 - Datasource oracle_thin-18f3c211492-2c1234772ecf2464 not found in project General (/General/Scripts/apple1.sql)
2024-05-07 14:30:18.699 - Datasource oracle_thin-18f3c211492-2c1234772ecf2464 not found in project General (/General/Scripts/day011_oracle.sql)
2024-05-07 14:30:18.699 - Datasource oracle_thin-18f3c211492-2c1234772ecf2464 not found in project General (/General/Scripts/rollback.sql)
2024-05-07 14:30:18.699 - Datasource oracle_thin-18f3c211492-2c1234772ecf2464 not found in project General (/General/Scripts/scottTableInsert.sql)
2024-05-07 14:30:18.699 - Datasource oracle_thin-18f3c211492-2c1234772ecf2464 not found in project General (/General/Scripts/apple1.sql)
2024-05-07 14:30:18.699 - Datasource oracle_thin-18f3c211492-2c1234772ecf2464 not found in project General (/General/Scripts/day011_oracle.sql)
2024-05-07 14:30:18.699 - Datasource oracle_thin-18f3c211492-2c1234772ecf2464 not found in project General (/General/Scripts/rollback.sql)
2024-05-07 14:30:18.700 - Datasource oracle_thin-18f3c211492-2c1234772ecf2464 not found in project General (/General/Scripts/scottTableInsert.sql)
2024-05-07 14:30:18.700 - Datasource oracle_thin-18f3c211492-2c1234772ecf2464 not found in project General (/General/Scripts/apple1.sql)
2024-05-07 14:30:18.700 - Datasource oracle_thin-18f3c211492-2c1234772ecf2464 not found in project General (/General/Scripts/day011_oracle.sql)
2024-05-07 14:30:18.700 - Datasource oracle_thin-18f3c211492-2c1234772ecf2464 not found in project General (/General/Scripts/rollback.sql)
2024-05-07 14:30:18.701 - Datasource oracle_thin-18f3c211492-2c1234772ecf2464 not found in project General (/General/Scripts/scottTableInsert.sql)
2024-05-07 14:30:18.701 - Datasource oracle_thin-18f3c211492-2c1234772ecf2464 not found in project General (/General/Scripts/apple1.sql)
2024-05-07 14:30:18.701 - Datasource oracle_thin-18f3c211492-2c1234772ecf2464 not found in project General (/General/Scripts/day011_oracle.sql)
2024-05-07 14:30:18.701 - Datasource oracle_thin-18f3c211492-2c1234772ecf2464 not found in project General (/General/Scripts/rollback.sql)
2024-05-07 14:30:18.701 - Datasource oracle_thin-18f3c211492-2c1234772ecf2464 not found in project General (/General/Scripts/scottTableInsert.sql)
2024-05-07 14:30:24.424 - Execution context opened (SCOTT; SQLEditor <Script-1.sql>; 8)
2024-05-07 14:30:33.699 - Execution context closed (SCOTT, 8)
2024-05-07 14:30:40.147 - Can't get column 'password': Column 'password' not found.
2024-05-07 14:31:04.736 - org.jkiss.dbeaver.model.sql.DBSQLException: SQL Error [1064] [42000]: You have an error in your SQL syntax; check the manual that corresponds to your MySQL server version for the right syntax to use near 'DATABASE' at line 1
	at org.jkiss.dbeaver.model.impl.jdbc.exec.JDBCStatementImpl.executeStatement(JDBCStatementImpl.java:133)
	at org.jkiss.dbeaver.ui.editors.sql.execute.SQLQueryJob.executeStatement(SQLQueryJob.java:614)
	at org.jkiss.dbeaver.ui.editors.sql.execute.SQLQueryJob.lambda$2(SQLQueryJob.java:505)
	at org.jkiss.dbeaver.model.exec.DBExecUtils.tryExecuteRecover(DBExecUtils.java:194)
	at org.jkiss.dbeaver.ui.editors.sql.execute.SQLQueryJob.executeSingleQuery(SQLQueryJob.java:524)
	at org.jkiss.dbeaver.ui.editors.sql.execute.SQLQueryJob.run(SQLQueryJob.java:239)
	at org.jkiss.dbeaver.model.runtime.AbstractJob.run(AbstractJob.java:115)
	at org.eclipse.core.internal.jobs.Worker.run(Worker.java:63)
Caused by: java.sql.SQLSyntaxErrorException: You have an error in your SQL syntax; check the manual that corresponds to your MySQL server version for the right syntax to use near 'DATABASE' at line 1
	at com.mysql.cj.jdbc.exceptions.SQLError.createSQLException(SQLError.java:121)
	at com.mysql.cj.jdbc.exceptions.SQLExceptionsMapping.translateException(SQLExceptionsMapping.java:122)
	at com.mysql.cj.jdbc.StatementImpl.executeInternal(StatementImpl.java:767)
	at com.mysql.cj.jdbc.StatementImpl.execute(StatementImpl.java:652)
	at org.jkiss.dbeaver.model.impl.jdbc.exec.JDBCStatementImpl.execute(JDBCStatementImpl.java:330)
	at org.jkiss.dbeaver.model.impl.jdbc.exec.JDBCStatementImpl.executeStatement(JDBCStatementImpl.java:131)
	... 7 more
2024-05-07 14:31:04.875 - Datasource oracle_thin-18f3c211492-2c1234772ecf2464 not found in project General (/General/Scripts/apple1.sql)
2024-05-07 14:31:04.875 - Datasource oracle_thin-18f3c211492-2c1234772ecf2464 not found in project General (/General/Scripts/day011_oracle.sql)
2024-05-07 14:31:04.875 - Datasource oracle_thin-18f3c211492-2c1234772ecf2464 not found in project General (/General/Scripts/rollback.sql)
2024-05-07 14:31:04.875 - Datasource oracle_thin-18f3c211492-2c1234772ecf2464 not found in project General (/General/Scripts/scottTableInsert.sql)
2024-05-07 14:31:04.877 - Datasource oracle_thin-18f3c211492-2c1234772ecf2464 not found in project General (/General/Scripts/apple1.sql)
2024-05-07 14:31:04.877 - Datasource oracle_thin-18f3c211492-2c1234772ecf2464 not found in project General (/General/Scripts/day011_oracle.sql)
2024-05-07 14:31:04.877 - Datasource oracle_thin-18f3c211492-2c1234772ecf2464 not found in project General (/General/Scripts/rollback.sql)
2024-05-07 14:31:04.877 - Datasource oracle_thin-18f3c211492-2c1234772ecf2464 not found in project General (/General/Scripts/scottTableInsert.sql)
2024-05-07 14:31:04.893 - Datasource oracle_thin-18f3c211492-2c1234772ecf2464 not found in project General (/General/Scripts/apple1.sql)
2024-05-07 14:31:04.893 - Datasource oracle_thin-18f3c211492-2c1234772ecf2464 not found in project General (/General/Scripts/day011_oracle.sql)
2024-05-07 14:31:04.893 - Datasource oracle_thin-18f3c211492-2c1234772ecf2464 not found in project General (/General/Scripts/rollback.sql)
2024-05-07 14:31:04.893 - Datasource oracle_thin-18f3c211492-2c1234772ecf2464 not found in project General (/General/Scripts/scottTableInsert.sql)
2024-05-07 14:31:04.894 - Datasource oracle_thin-18f3c211492-2c1234772ecf2464 not found in project General (/General/Scripts/apple1.sql)
2024-05-07 14:31:04.894 - Datasource oracle_thin-18f3c211492-2c1234772ecf2464 not found in project General (/General/Scripts/day011_oracle.sql)
2024-05-07 14:31:04.894 - Datasource oracle_thin-18f3c211492-2c1234772ecf2464 not found in project General (/General/Scripts/rollback.sql)
2024-05-07 14:31:04.894 - Datasource oracle_thin-18f3c211492-2c1234772ecf2464 not found in project General (/General/Scripts/scottTableInsert.sql)
2024-05-07 14:31:04.909 - Datasource oracle_thin-18f3c211492-2c1234772ecf2464 not found in project General (/General/Scripts/apple1.sql)
2024-05-07 14:31:04.909 - Datasource oracle_thin-18f3c211492-2c1234772ecf2464 not found in project General (/General/Scripts/day011_oracle.sql)
2024-05-07 14:31:04.909 - Datasource oracle_thin-18f3c211492-2c1234772ecf2464 not found in project General (/General/Scripts/rollback.sql)
2024-05-07 14:31:04.909 - Datasource oracle_thin-18f3c211492-2c1234772ecf2464 not found in project General (/General/Scripts/scottTableInsert.sql)
2024-05-07 14:31:04.910 - Datasource oracle_thin-18f3c211492-2c1234772ecf2464 not found in project General (/General/Scripts/apple1.sql)
2024-05-07 14:31:04.910 - Datasource oracle_thin-18f3c211492-2c1234772ecf2464 not found in project General (/General/Scripts/day011_oracle.sql)
2024-05-07 14:31:04.910 - Datasource oracle_thin-18f3c211492-2c1234772ecf2464 not found in project General (/General/Scripts/rollback.sql)
2024-05-07 14:31:04.910 - Datasource oracle_thin-18f3c211492-2c1234772ecf2464 not found in project General (/General/Scripts/scottTableInsert.sql)
2024-05-07 14:31:04.925 - Datasource oracle_thin-18f3c211492-2c1234772ecf2464 not found in project General (/General/Scripts/apple1.sql)
2024-05-07 14:31:04.925 - Datasource oracle_thin-18f3c211492-2c1234772ecf2464 not found in project General (/General/Scripts/day011_oracle.sql)
2024-05-07 14:31:04.925 - Datasource oracle_thin-18f3c211492-2c1234772ecf2464 not found in project General (/General/Scripts/rollback.sql)
2024-05-07 14:31:04.925 - Datasource oracle_thin-18f3c211492-2c1234772ecf2464 not found in project General (/General/Scripts/scottTableInsert.sql)
2024-05-07 14:31:04.926 - Datasource oracle_thin-18f3c211492-2c1234772ecf2464 not found in project General (/General/Scripts/apple1.sql)
2024-05-07 14:31:04.926 - Datasource oracle_thin-18f3c211492-2c1234772ecf2464 not found in project General (/General/Scripts/day011_oracle.sql)
2024-05-07 14:31:04.926 - Datasource oracle_thin-18f3c211492-2c1234772ecf2464 not found in project General (/General/Scripts/rollback.sql)
2024-05-07 14:31:04.926 - Datasource oracle_thin-18f3c211492-2c1234772ecf2464 not found in project General (/General/Scripts/scottTableInsert.sql)
2024-05-07 14:31:21.772 - org.jkiss.dbeaver.model.sql.DBSQLException: SQL Error [1064] [42000]: You have an error in your SQL syntax; check the manual that corresponds to your MySQL server version for the right syntax to use near 'DATABASE' at line 1
	at org.jkiss.dbeaver.model.impl.jdbc.exec.JDBCStatementImpl.executeStatement(JDBCStatementImpl.java:133)
	at org.jkiss.dbeaver.ui.editors.sql.execute.SQLQueryJob.executeStatement(SQLQueryJob.java:614)
	at org.jkiss.dbeaver.ui.editors.sql.execute.SQLQueryJob.lambda$2(SQLQueryJob.java:505)
	at org.jkiss.dbeaver.model.exec.DBExecUtils.tryExecuteRecover(DBExecUtils.java:194)
	at org.jkiss.dbeaver.ui.editors.sql.execute.SQLQueryJob.executeSingleQuery(SQLQueryJob.java:524)
	at org.jkiss.dbeaver.ui.editors.sql.execute.SQLQueryJob.run(SQLQueryJob.java:239)
	at org.jkiss.dbeaver.model.runtime.AbstractJob.run(AbstractJob.java:115)
	at org.eclipse.core.internal.jobs.Worker.run(Worker.java:63)
Caused by: java.sql.SQLSyntaxErrorException: You have an error in your SQL syntax; check the manual that corresponds to your MySQL server version for the right syntax to use near 'DATABASE' at line 1
	at com.mysql.cj.jdbc.exceptions.SQLError.createSQLException(SQLError.java:121)
	at com.mysql.cj.jdbc.exceptions.SQLExceptionsMapping.translateException(SQLExceptionsMapping.java:122)
	at com.mysql.cj.jdbc.StatementImpl.executeInternal(StatementImpl.java:767)
	at com.mysql.cj.jdbc.StatementImpl.execute(StatementImpl.java:652)
	at org.jkiss.dbeaver.model.impl.jdbc.exec.JDBCStatementImpl.execute(JDBCStatementImpl.java:330)
	at org.jkiss.dbeaver.model.impl.jdbc.exec.JDBCStatementImpl.executeStatement(JDBCStatementImpl.java:131)
	... 7 more
2024-05-07 14:31:21.876 - Datasource oracle_thin-18f3c211492-2c1234772ecf2464 not found in project General (/General/Scripts/apple1.sql)
2024-05-07 14:31:21.876 - Datasource oracle_thin-18f3c211492-2c1234772ecf2464 not found in project General (/General/Scripts/day011_oracle.sql)
2024-05-07 14:31:21.876 - Datasource oracle_thin-18f3c211492-2c1234772ecf2464 not found in project General (/General/Scripts/rollback.sql)
2024-05-07 14:31:21.877 - Datasource oracle_thin-18f3c211492-2c1234772ecf2464 not found in project General (/General/Scripts/scottTableInsert.sql)
2024-05-07 14:31:21.877 - Datasource oracle_thin-18f3c211492-2c1234772ecf2464 not found in project General (/General/Scripts/apple1.sql)
2024-05-07 14:31:21.877 - Datasource oracle_thin-18f3c211492-2c1234772ecf2464 not found in project General (/General/Scripts/day011_oracle.sql)
2024-05-07 14:31:21.877 - Datasource oracle_thin-18f3c211492-2c1234772ecf2464 not found in project General (/General/Scripts/rollback.sql)
2024-05-07 14:31:21.877 - Datasource oracle_thin-18f3c211492-2c1234772ecf2464 not found in project General (/General/Scripts/scottTableInsert.sql)
2024-05-07 14:31:21.892 - Datasource oracle_thin-18f3c211492-2c1234772ecf2464 not found in project General (/General/Scripts/apple1.sql)
2024-05-07 14:31:21.892 - Datasource oracle_thin-18f3c211492-2c1234772ecf2464 not found in project General (/General/Scripts/day011_oracle.sql)
2024-05-07 14:31:21.892 - Datasource oracle_thin-18f3c211492-2c1234772ecf2464 not found in project General (/General/Scripts/rollback.sql)
2024-05-07 14:31:21.892 - Datasource oracle_thin-18f3c211492-2c1234772ecf2464 not found in project General (/General/Scripts/scottTableInsert.sql)
2024-05-07 14:31:21.892 - Datasource oracle_thin-18f3c211492-2c1234772ecf2464 not found in project General (/General/Scripts/apple1.sql)
2024-05-07 14:31:21.892 - Datasource oracle_thin-18f3c211492-2c1234772ecf2464 not found in project General (/General/Scripts/day011_oracle.sql)
2024-05-07 14:31:21.893 - Datasource oracle_thin-18f3c211492-2c1234772ecf2464 not found in project General (/General/Scripts/rollback.sql)
2024-05-07 14:31:21.893 - Datasource oracle_thin-18f3c211492-2c1234772ecf2464 not found in project General (/General/Scripts/scottTableInsert.sql)
2024-05-07 14:31:21.907 - Datasource oracle_thin-18f3c211492-2c1234772ecf2464 not found in project General (/General/Scripts/apple1.sql)
2024-05-07 14:31:21.908 - Datasource oracle_thin-18f3c211492-2c1234772ecf2464 not found in project General (/General/Scripts/day011_oracle.sql)
2024-05-07 14:31:21.908 - Datasource oracle_thin-18f3c211492-2c1234772ecf2464 not found in project General (/General/Scripts/rollback.sql)
2024-05-07 14:31:21.908 - Datasource oracle_thin-18f3c211492-2c1234772ecf2464 not found in project General (/General/Scripts/scottTableInsert.sql)
2024-05-07 14:31:21.908 - Datasource oracle_thin-18f3c211492-2c1234772ecf2464 not found in project General (/General/Scripts/apple1.sql)
2024-05-07 14:31:21.910 - Datasource oracle_thin-18f3c211492-2c1234772ecf2464 not found in project General (/General/Scripts/day011_oracle.sql)
2024-05-07 14:31:21.910 - Datasource oracle_thin-18f3c211492-2c1234772ecf2464 not found in project General (/General/Scripts/rollback.sql)
2024-05-07 14:31:21.910 - Datasource oracle_thin-18f3c211492-2c1234772ecf2464 not found in project General (/General/Scripts/scottTableInsert.sql)
2024-05-07 14:31:21.924 - Datasource oracle_thin-18f3c211492-2c1234772ecf2464 not found in project General (/General/Scripts/apple1.sql)
2024-05-07 14:31:21.924 - Datasource oracle_thin-18f3c211492-2c1234772ecf2464 not found in project General (/General/Scripts/day011_oracle.sql)
2024-05-07 14:31:21.924 - Datasource oracle_thin-18f3c211492-2c1234772ecf2464 not found in project General (/General/Scripts/rollback.sql)
2024-05-07 14:31:21.924 - Datasource oracle_thin-18f3c211492-2c1234772ecf2464 not found in project General (/General/Scripts/scottTableInsert.sql)
2024-05-07 14:31:21.924 - Datasource oracle_thin-18f3c211492-2c1234772ecf2464 not found in project General (/General/Scripts/apple1.sql)
2024-05-07 14:31:21.925 - Datasource oracle_thin-18f3c211492-2c1234772ecf2464 not found in project General (/General/Scripts/day011_oracle.sql)
2024-05-07 14:31:21.925 - Datasource oracle_thin-18f3c211492-2c1234772ecf2464 not found in project General (/General/Scripts/rollback.sql)
2024-05-07 14:31:21.925 - Datasource oracle_thin-18f3c211492-2c1234772ecf2464 not found in project General (/General/Scripts/scottTableInsert.sql)
2024-05-07 14:31:21.939 - Datasource oracle_thin-18f3c211492-2c1234772ecf2464 not found in project General (/General/Scripts/apple1.sql)
2024-05-07 14:31:21.939 - Datasource oracle_thin-18f3c211492-2c1234772ecf2464 not found in project General (/General/Scripts/day011_oracle.sql)
2024-05-07 14:31:21.939 - Datasource oracle_thin-18f3c211492-2c1234772ecf2464 not found in project General (/General/Scripts/rollback.sql)
2024-05-07 14:31:21.939 - Datasource oracle_thin-18f3c211492-2c1234772ecf2464 not found in project General (/General/Scripts/scottTableInsert.sql)
2024-05-07 14:31:21.940 - Datasource oracle_thin-18f3c211492-2c1234772ecf2464 not found in project General (/General/Scripts/apple1.sql)
2024-05-07 14:31:21.940 - Datasource oracle_thin-18f3c211492-2c1234772ecf2464 not found in project General (/General/Scripts/day011_oracle.sql)
2024-05-07 14:31:21.940 - Datasource oracle_thin-18f3c211492-2c1234772ecf2464 not found in project General (/General/Scripts/rollback.sql)
2024-05-07 14:31:21.940 - Datasource oracle_thin-18f3c211492-2c1234772ecf2464 not found in project General (/General/Scripts/scottTableInsert.sql)
2024-05-07 14:31:55.329 - Datasource oracle_thin-18f3c211492-2c1234772ecf2464 not found in project General (/General/Scripts/apple1.sql)
2024-05-07 14:31:55.329 - Datasource oracle_thin-18f3c211492-2c1234772ecf2464 not found in project General (/General/Scripts/day011_oracle.sql)
2024-05-07 14:31:55.329 - Datasource oracle_thin-18f3c211492-2c1234772ecf2464 not found in project General (/General/Scripts/rollback.sql)
2024-05-07 14:31:55.329 - Datasource oracle_thin-18f3c211492-2c1234772ecf2464 not found in project General (/General/Scripts/scottTableInsert.sql)
2024-05-07 14:31:55.330 - Datasource oracle_thin-18f3c211492-2c1234772ecf2464 not found in project General (/General/Scripts/apple1.sql)
2024-05-07 14:31:55.330 - Datasource oracle_thin-18f3c211492-2c1234772ecf2464 not found in project General (/General/Scripts/day011_oracle.sql)
2024-05-07 14:31:55.330 - Datasource oracle_thin-18f3c211492-2c1234772ecf2464 not found in project General (/General/Scripts/rollback.sql)
2024-05-07 14:31:55.330 - Datasource oracle_thin-18f3c211492-2c1234772ecf2464 not found in project General (/General/Scripts/scottTableInsert.sql)
2024-05-07 14:33:13.795 - Datasource oracle_thin-18f3c211492-2c1234772ecf2464 not found in project General (/General/Scripts/apple1.sql)
2024-05-07 14:33:13.795 - Datasource oracle_thin-18f3c211492-2c1234772ecf2464 not found in project General (/General/Scripts/day011_oracle.sql)
2024-05-07 14:33:13.795 - Datasource oracle_thin-18f3c211492-2c1234772ecf2464 not found in project General (/General/Scripts/rollback.sql)
2024-05-07 14:33:13.795 - Datasource oracle_thin-18f3c211492-2c1234772ecf2464 not found in project General (/General/Scripts/scottTableInsert.sql)
2024-05-07 14:33:13.795 - Datasource oracle_thin-18f3c211492-2c1234772ecf2464 not found in project General (/General/Scripts/apple1.sql)
2024-05-07 14:33:13.795 - Datasource oracle_thin-18f3c211492-2c1234772ecf2464 not found in project General (/General/Scripts/day011_oracle.sql)
2024-05-07 14:33:13.795 - Datasource oracle_thin-18f3c211492-2c1234772ecf2464 not found in project General (/General/Scripts/rollback.sql)
2024-05-07 14:33:13.795 - Datasource oracle_thin-18f3c211492-2c1234772ecf2464 not found in project General (/General/Scripts/scottTableInsert.sql)
2024-05-07 14:33:48.637 - Datasource oracle_thin-18f3c211492-2c1234772ecf2464 not found in project General (/General/Scripts/apple1.sql)
2024-05-07 14:33:48.637 - Datasource oracle_thin-18f3c211492-2c1234772ecf2464 not found in project General (/General/Scripts/day011_oracle.sql)
2024-05-07 14:33:48.637 - Datasource oracle_thin-18f3c211492-2c1234772ecf2464 not found in project General (/General/Scripts/rollback.sql)
2024-05-07 14:33:48.637 - Datasource oracle_thin-18f3c211492-2c1234772ecf2464 not found in project General (/General/Scripts/scottTableInsert.sql)
2024-05-07 14:33:48.638 - Datasource oracle_thin-18f3c211492-2c1234772ecf2464 not found in project General (/General/Scripts/apple1.sql)
2024-05-07 14:33:48.638 - Datasource oracle_thin-18f3c211492-2c1234772ecf2464 not found in project General (/General/Scripts/day011_oracle.sql)
2024-05-07 14:33:48.638 - Datasource oracle_thin-18f3c211492-2c1234772ecf2464 not found in project General (/General/Scripts/rollback.sql)
2024-05-07 14:33:48.638 - Datasource oracle_thin-18f3c211492-2c1234772ecf2464 not found in project General (/General/Scripts/scottTableInsert.sql)
2024-05-07 14:35:02.169 - org.jkiss.dbeaver.model.sql.DBSQLException: SQL Error [1064] [42000]: You have an error in your SQL syntax; check the manual that corresponds to your MySQL server version for the right syntax to use near 'GRANT' at line 1
	at org.jkiss.dbeaver.model.impl.jdbc.exec.JDBCStatementImpl.executeStatement(JDBCStatementImpl.java:133)
	at org.jkiss.dbeaver.ui.editors.sql.execute.SQLQueryJob.executeStatement(SQLQueryJob.java:614)
	at org.jkiss.dbeaver.ui.editors.sql.execute.SQLQueryJob.lambda$2(SQLQueryJob.java:505)
	at org.jkiss.dbeaver.model.exec.DBExecUtils.tryExecuteRecover(DBExecUtils.java:194)
	at org.jkiss.dbeaver.ui.editors.sql.execute.SQLQueryJob.executeSingleQuery(SQLQueryJob.java:524)
	at org.jkiss.dbeaver.ui.editors.sql.execute.SQLQueryJob.run(SQLQueryJob.java:239)
	at org.jkiss.dbeaver.model.runtime.AbstractJob.run(AbstractJob.java:115)
	at org.eclipse.core.internal.jobs.Worker.run(Worker.java:63)
Caused by: java.sql.SQLSyntaxErrorException: You have an error in your SQL syntax; check the manual that corresponds to your MySQL server version for the right syntax to use near 'GRANT' at line 1
	at com.mysql.cj.jdbc.exceptions.SQLError.createSQLException(SQLError.java:121)
	at com.mysql.cj.jdbc.exceptions.SQLExceptionsMapping.translateException(SQLExceptionsMapping.java:122)
	at com.mysql.cj.jdbc.StatementImpl.executeInternal(StatementImpl.java:767)
	at com.mysql.cj.jdbc.StatementImpl.execute(StatementImpl.java:652)
	at org.jkiss.dbeaver.model.impl.jdbc.exec.JDBCStatementImpl.execute(JDBCStatementImpl.java:330)
	at org.jkiss.dbeaver.model.impl.jdbc.exec.JDBCStatementImpl.executeStatement(JDBCStatementImpl.java:131)
	... 7 more
2024-05-07 14:35:02.303 - Datasource oracle_thin-18f3c211492-2c1234772ecf2464 not found in project General (/General/Scripts/apple1.sql)
2024-05-07 14:35:02.303 - Datasource oracle_thin-18f3c211492-2c1234772ecf2464 not found in project General (/General/Scripts/day011_oracle.sql)
2024-05-07 14:35:02.303 - Datasource oracle_thin-18f3c211492-2c1234772ecf2464 not found in project General (/General/Scripts/rollback.sql)
2024-05-07 14:35:02.303 - Datasource oracle_thin-18f3c211492-2c1234772ecf2464 not found in project General (/General/Scripts/scottTableInsert.sql)
2024-05-07 14:35:02.304 - Datasource oracle_thin-18f3c211492-2c1234772ecf2464 not found in project General (/General/Scripts/apple1.sql)
2024-05-07 14:35:02.304 - Datasource oracle_thin-18f3c211492-2c1234772ecf2464 not found in project General (/General/Scripts/day011_oracle.sql)
2024-05-07 14:35:02.304 - Datasource oracle_thin-18f3c211492-2c1234772ecf2464 not found in project General (/General/Scripts/rollback.sql)
2024-05-07 14:35:02.304 - Datasource oracle_thin-18f3c211492-2c1234772ecf2464 not found in project General (/General/Scripts/scottTableInsert.sql)
2024-05-07 14:35:02.320 - Datasource oracle_thin-18f3c211492-2c1234772ecf2464 not found in project General (/General/Scripts/apple1.sql)
2024-05-07 14:35:02.320 - Datasource oracle_thin-18f3c211492-2c1234772ecf2464 not found in project General (/General/Scripts/day011_oracle.sql)
2024-05-07 14:35:02.320 - Datasource oracle_thin-18f3c211492-2c1234772ecf2464 not found in project General (/General/Scripts/rollback.sql)
2024-05-07 14:35:02.320 - Datasource oracle_thin-18f3c211492-2c1234772ecf2464 not found in project General (/General/Scripts/scottTableInsert.sql)
2024-05-07 14:35:02.321 - Datasource oracle_thin-18f3c211492-2c1234772ecf2464 not found in project General (/General/Scripts/apple1.sql)
2024-05-07 14:35:02.321 - Datasource oracle_thin-18f3c211492-2c1234772ecf2464 not found in project General (/General/Scripts/day011_oracle.sql)
2024-05-07 14:35:02.321 - Datasource oracle_thin-18f3c211492-2c1234772ecf2464 not found in project General (/General/Scripts/rollback.sql)
2024-05-07 14:35:02.321 - Datasource oracle_thin-18f3c211492-2c1234772ecf2464 not found in project General (/General/Scripts/scottTableInsert.sql)
2024-05-07 14:35:02.336 - Datasource oracle_thin-18f3c211492-2c1234772ecf2464 not found in project General (/General/Scripts/apple1.sql)
2024-05-07 14:35:02.336 - Datasource oracle_thin-18f3c211492-2c1234772ecf2464 not found in project General (/General/Scripts/day011_oracle.sql)
2024-05-07 14:35:02.336 - Datasource oracle_thin-18f3c211492-2c1234772ecf2464 not found in project General (/General/Scripts/rollback.sql)
2024-05-07 14:35:02.336 - Datasource oracle_thin-18f3c211492-2c1234772ecf2464 not found in project General (/General/Scripts/scottTableInsert.sql)
2024-05-07 14:35:02.337 - Datasource oracle_thin-18f3c211492-2c1234772ecf2464 not found in project General (/General/Scripts/apple1.sql)
2024-05-07 14:35:02.337 - Datasource oracle_thin-18f3c211492-2c1234772ecf2464 not found in project General (/General/Scripts/day011_oracle.sql)
2024-05-07 14:35:02.337 - Datasource oracle_thin-18f3c211492-2c1234772ecf2464 not found in project General (/General/Scripts/rollback.sql)
2024-05-07 14:35:02.337 - Datasource oracle_thin-18f3c211492-2c1234772ecf2464 not found in project General (/General/Scripts/scottTableInsert.sql)
2024-05-07 14:35:02.352 - Datasource oracle_thin-18f3c211492-2c1234772ecf2464 not found in project General (/General/Scripts/apple1.sql)
2024-05-07 14:35:02.352 - Datasource oracle_thin-18f3c211492-2c1234772ecf2464 not found in project General (/General/Scripts/day011_oracle.sql)
2024-05-07 14:35:02.352 - Datasource oracle_thin-18f3c211492-2c1234772ecf2464 not found in project General (/General/Scripts/rollback.sql)
2024-05-07 14:35:02.353 - Datasource oracle_thin-18f3c211492-2c1234772ecf2464 not found in project General (/General/Scripts/scottTableInsert.sql)
2024-05-07 14:35:02.353 - Datasource oracle_thin-18f3c211492-2c1234772ecf2464 not found in project General (/General/Scripts/apple1.sql)
2024-05-07 14:35:02.353 - Datasource oracle_thin-18f3c211492-2c1234772ecf2464 not found in project General (/General/Scripts/day011_oracle.sql)
2024-05-07 14:35:02.353 - Datasource oracle_thin-18f3c211492-2c1234772ecf2464 not found in project General (/General/Scripts/rollback.sql)
2024-05-07 14:35:02.353 - Datasource oracle_thin-18f3c211492-2c1234772ecf2464 not found in project General (/General/Scripts/scottTableInsert.sql)
2024-05-07 14:35:07.719 - Datasource oracle_thin-18f3c211492-2c1234772ecf2464 not found in project General (/General/Scripts/apple1.sql)
2024-05-07 14:35:07.719 - Datasource oracle_thin-18f3c211492-2c1234772ecf2464 not found in project General (/General/Scripts/day011_oracle.sql)
2024-05-07 14:35:07.719 - Datasource oracle_thin-18f3c211492-2c1234772ecf2464 not found in project General (/General/Scripts/rollback.sql)
2024-05-07 14:35:07.719 - Datasource oracle_thin-18f3c211492-2c1234772ecf2464 not found in project General (/General/Scripts/scottTableInsert.sql)
2024-05-07 14:35:07.720 - Datasource oracle_thin-18f3c211492-2c1234772ecf2464 not found in project General (/General/Scripts/apple1.sql)
2024-05-07 14:35:07.721 - Datasource oracle_thin-18f3c211492-2c1234772ecf2464 not found in project General (/General/Scripts/day011_oracle.sql)
2024-05-07 14:35:07.721 - Datasource oracle_thin-18f3c211492-2c1234772ecf2464 not found in project General (/General/Scripts/rollback.sql)
2024-05-07 14:35:07.721 - Datasource oracle_thin-18f3c211492-2c1234772ecf2464 not found in project General (/General/Scripts/scottTableInsert.sql)
2024-05-07 14:36:14.084 - Datasource oracle_thin-18f3c211492-2c1234772ecf2464 not found in project General (/General/Scripts/apple1.sql)
2024-05-07 14:36:14.084 - Datasource oracle_thin-18f3c211492-2c1234772ecf2464 not found in project General (/General/Scripts/day011_oracle.sql)
2024-05-07 14:36:14.084 - Datasource oracle_thin-18f3c211492-2c1234772ecf2464 not found in project General (/General/Scripts/rollback.sql)
2024-05-07 14:36:14.084 - Datasource oracle_thin-18f3c211492-2c1234772ecf2464 not found in project General (/General/Scripts/scottTableInsert.sql)
2024-05-07 14:36:14.085 - Datasource oracle_thin-18f3c211492-2c1234772ecf2464 not found in project General (/General/Scripts/apple1.sql)
2024-05-07 14:36:14.085 - Datasource oracle_thin-18f3c211492-2c1234772ecf2464 not found in project General (/General/Scripts/day011_oracle.sql)
2024-05-07 14:36:14.085 - Datasource oracle_thin-18f3c211492-2c1234772ecf2464 not found in project General (/General/Scripts/rollback.sql)
2024-05-07 14:36:14.085 - Datasource oracle_thin-18f3c211492-2c1234772ecf2464 not found in project General (/General/Scripts/scottTableInsert.sql)
2024-05-07 14:37:59.273 - Datasource oracle_thin-18f3c211492-2c1234772ecf2464 not found in project General (/General/Scripts/apple1.sql)
2024-05-07 14:37:59.273 - Datasource oracle_thin-18f3c211492-2c1234772ecf2464 not found in project General (/General/Scripts/day011_oracle.sql)
2024-05-07 14:37:59.273 - Datasource oracle_thin-18f3c211492-2c1234772ecf2464 not found in project General (/General/Scripts/rollback.sql)
2024-05-07 14:37:59.274 - Datasource oracle_thin-18f3c211492-2c1234772ecf2464 not found in project General (/General/Scripts/scottTableInsert.sql)
2024-05-07 14:37:59.274 - Datasource oracle_thin-18f3c211492-2c1234772ecf2464 not found in project General (/General/Scripts/apple1.sql)
2024-05-07 14:37:59.274 - Datasource oracle_thin-18f3c211492-2c1234772ecf2464 not found in project General (/General/Scripts/day011_oracle.sql)
2024-05-07 14:37:59.274 - Datasource oracle_thin-18f3c211492-2c1234772ecf2464 not found in project General (/General/Scripts/rollback.sql)
2024-05-07 14:37:59.274 - Datasource oracle_thin-18f3c211492-2c1234772ecf2464 not found in project General (/General/Scripts/scottTableInsert.sql)
2024-05-07 14:39:21.569 - Datasource oracle_thin-18f3c211492-2c1234772ecf2464 not found in project General (/General/Scripts/apple1.sql)
2024-05-07 14:39:21.569 - Datasource oracle_thin-18f3c211492-2c1234772ecf2464 not found in project General (/General/Scripts/day011_oracle.sql)
2024-05-07 14:39:21.569 - Datasource oracle_thin-18f3c211492-2c1234772ecf2464 not found in project General (/General/Scripts/rollback.sql)
2024-05-07 14:39:21.570 - Datasource oracle_thin-18f3c211492-2c1234772ecf2464 not found in project General (/General/Scripts/scottTableInsert.sql)
2024-05-07 14:39:21.570 - Datasource oracle_thin-18f3c211492-2c1234772ecf2464 not found in project General (/General/Scripts/apple1.sql)
2024-05-07 14:39:21.570 - Datasource oracle_thin-18f3c211492-2c1234772ecf2464 not found in project General (/General/Scripts/day011_oracle.sql)
2024-05-07 14:39:21.570 - Datasource oracle_thin-18f3c211492-2c1234772ecf2464 not found in project General (/General/Scripts/rollback.sql)
2024-05-07 14:39:21.570 - Datasource oracle_thin-18f3c211492-2c1234772ecf2464 not found in project General (/General/Scripts/scottTableInsert.sql)
2024-05-07 14:40:35.125 - Datasource oracle_thin-18f3c211492-2c1234772ecf2464 not found in project General (/General/Scripts/apple1.sql)
2024-05-07 14:40:35.125 - Datasource oracle_thin-18f3c211492-2c1234772ecf2464 not found in project General (/General/Scripts/day011_oracle.sql)
2024-05-07 14:40:35.125 - Datasource oracle_thin-18f3c211492-2c1234772ecf2464 not found in project General (/General/Scripts/rollback.sql)
2024-05-07 14:40:35.125 - Datasource oracle_thin-18f3c211492-2c1234772ecf2464 not found in project General (/General/Scripts/scottTableInsert.sql)
2024-05-07 14:40:35.126 - Datasource oracle_thin-18f3c211492-2c1234772ecf2464 not found in project General (/General/Scripts/apple1.sql)
2024-05-07 14:40:35.126 - Datasource oracle_thin-18f3c211492-2c1234772ecf2464 not found in project General (/General/Scripts/day011_oracle.sql)
2024-05-07 14:40:35.126 - Datasource oracle_thin-18f3c211492-2c1234772ecf2464 not found in project General (/General/Scripts/rollback.sql)
2024-05-07 14:40:35.126 - Datasource oracle_thin-18f3c211492-2c1234772ecf2464 not found in project General (/General/Scripts/scottTableInsert.sql)
2024-05-07 14:43:44.236 - Datasource oracle_thin-18f3c211492-2c1234772ecf2464 not found in project General (/General/Scripts/apple1.sql)
2024-05-07 14:43:44.237 - Datasource oracle_thin-18f3c211492-2c1234772ecf2464 not found in project General (/General/Scripts/day011_oracle.sql)
2024-05-07 14:43:44.237 - Datasource oracle_thin-18f3c211492-2c1234772ecf2464 not found in project General (/General/Scripts/rollback.sql)
2024-05-07 14:43:44.237 - Datasource oracle_thin-18f3c211492-2c1234772ecf2464 not found in project General (/General/Scripts/scottTableInsert.sql)
2024-05-07 14:43:44.238 - Datasource oracle_thin-18f3c211492-2c1234772ecf2464 not found in project General (/General/Scripts/apple1.sql)
2024-05-07 14:43:44.238 - Datasource oracle_thin-18f3c211492-2c1234772ecf2464 not found in project General (/General/Scripts/day011_oracle.sql)
2024-05-07 14:43:44.238 - Datasource oracle_thin-18f3c211492-2c1234772ecf2464 not found in project General (/General/Scripts/rollback.sql)
2024-05-07 14:43:44.238 - Datasource oracle_thin-18f3c211492-2c1234772ecf2464 not found in project General (/General/Scripts/scottTableInsert.sql)
2024-05-07 14:45:35.796 - Datasource oracle_thin-18f3c211492-2c1234772ecf2464 not found in project General (/General/Scripts/apple1.sql)
2024-05-07 14:45:35.796 - Datasource oracle_thin-18f3c211492-2c1234772ecf2464 not found in project General (/General/Scripts/day011_oracle.sql)
2024-05-07 14:45:35.796 - Datasource oracle_thin-18f3c211492-2c1234772ecf2464 not found in project General (/General/Scripts/rollback.sql)
2024-05-07 14:45:35.796 - Datasource oracle_thin-18f3c211492-2c1234772ecf2464 not found in project General (/General/Scripts/scottTableInsert.sql)
2024-05-07 14:45:35.797 - Datasource oracle_thin-18f3c211492-2c1234772ecf2464 not found in project General (/General/Scripts/apple1.sql)
2024-05-07 14:45:35.797 - Datasource oracle_thin-18f3c211492-2c1234772ecf2464 not found in project General (/General/Scripts/day011_oracle.sql)
2024-05-07 14:45:35.797 - Datasource oracle_thin-18f3c211492-2c1234772ecf2464 not found in project General (/General/Scripts/rollback.sql)
2024-05-07 14:45:35.797 - Datasource oracle_thin-18f3c211492-2c1234772ecf2464 not found in project General (/General/Scripts/scottTableInsert.sql)
2024-05-07 14:46:39.597 - Datasource oracle_thin-18f3c211492-2c1234772ecf2464 not found in project General (/General/Scripts/apple1.sql)
2024-05-07 14:46:39.598 - Datasource oracle_thin-18f3c211492-2c1234772ecf2464 not found in project General (/General/Scripts/day011_oracle.sql)
2024-05-07 14:46:39.598 - Datasource oracle_thin-18f3c211492-2c1234772ecf2464 not found in project General (/General/Scripts/rollback.sql)
2024-05-07 14:46:39.598 - Datasource oracle_thin-18f3c211492-2c1234772ecf2464 not found in project General (/General/Scripts/scottTableInsert.sql)
2024-05-07 14:46:39.598 - Datasource oracle_thin-18f3c211492-2c1234772ecf2464 not found in project General (/General/Scripts/apple1.sql)
2024-05-07 14:46:39.598 - Datasource oracle_thin-18f3c211492-2c1234772ecf2464 not found in project General (/General/Scripts/day011_oracle.sql)
2024-05-07 14:46:39.598 - Datasource oracle_thin-18f3c211492-2c1234772ecf2464 not found in project General (/General/Scripts/rollback.sql)
2024-05-07 14:46:39.599 - Datasource oracle_thin-18f3c211492-2c1234772ecf2464 not found in project General (/General/Scripts/scottTableInsert.sql)
2024-05-07 14:48:23.170 - Datasource oracle_thin-18f3c211492-2c1234772ecf2464 not found in project General (/General/Scripts/apple1.sql)
2024-05-07 14:48:23.170 - Datasource oracle_thin-18f3c211492-2c1234772ecf2464 not found in project General (/General/Scripts/day011_oracle.sql)
2024-05-07 14:48:23.170 - Datasource oracle_thin-18f3c211492-2c1234772ecf2464 not found in project General (/General/Scripts/rollback.sql)
2024-05-07 14:48:23.170 - Datasource oracle_thin-18f3c211492-2c1234772ecf2464 not found in project General (/General/Scripts/scottTableInsert.sql)
2024-05-07 14:48:23.171 - Datasource oracle_thin-18f3c211492-2c1234772ecf2464 not found in project General (/General/Scripts/apple1.sql)
2024-05-07 14:48:23.171 - Datasource oracle_thin-18f3c211492-2c1234772ecf2464 not found in project General (/General/Scripts/day011_oracle.sql)
2024-05-07 14:48:23.171 - Datasource oracle_thin-18f3c211492-2c1234772ecf2464 not found in project General (/General/Scripts/rollback.sql)
2024-05-07 14:48:23.171 - Datasource oracle_thin-18f3c211492-2c1234772ecf2464 not found in project General (/General/Scripts/scottTableInsert.sql)
2024-05-07 14:48:29.042 - Datasource oracle_thin-18f3c211492-2c1234772ecf2464 not found in project General (/General/Scripts/apple1.sql)
2024-05-07 14:48:29.042 - Datasource oracle_thin-18f3c211492-2c1234772ecf2464 not found in project General (/General/Scripts/day011_oracle.sql)
2024-05-07 14:48:29.043 - Datasource oracle_thin-18f3c211492-2c1234772ecf2464 not found in project General (/General/Scripts/rollback.sql)
2024-05-07 14:48:29.043 - Datasource oracle_thin-18f3c211492-2c1234772ecf2464 not found in project General (/General/Scripts/scottTableInsert.sql)
2024-05-07 14:48:29.043 - Datasource oracle_thin-18f3c211492-2c1234772ecf2464 not found in project General (/General/Scripts/apple1.sql)
2024-05-07 14:48:29.043 - Datasource oracle_thin-18f3c211492-2c1234772ecf2464 not found in project General (/General/Scripts/day011_oracle.sql)
2024-05-07 14:48:29.043 - Datasource oracle_thin-18f3c211492-2c1234772ecf2464 not found in project General (/General/Scripts/rollback.sql)
2024-05-07 14:48:29.043 - Datasource oracle_thin-18f3c211492-2c1234772ecf2464 not found in project General (/General/Scripts/scottTableInsert.sql)
2024-05-07 14:49:49.025 - Datasource oracle_thin-18f3c211492-2c1234772ecf2464 not found in project General (/General/Scripts/apple1.sql)
2024-05-07 14:49:49.025 - Datasource oracle_thin-18f3c211492-2c1234772ecf2464 not found in project General (/General/Scripts/day011_oracle.sql)
2024-05-07 14:49:49.025 - Datasource oracle_thin-18f3c211492-2c1234772ecf2464 not found in project General (/General/Scripts/rollback.sql)
2024-05-07 14:49:49.026 - Datasource oracle_thin-18f3c211492-2c1234772ecf2464 not found in project General (/General/Scripts/scottTableInsert.sql)
2024-05-07 14:49:49.026 - Datasource oracle_thin-18f3c211492-2c1234772ecf2464 not found in project General (/General/Scripts/apple1.sql)
2024-05-07 14:49:49.026 - Datasource oracle_thin-18f3c211492-2c1234772ecf2464 not found in project General (/General/Scripts/day011_oracle.sql)
2024-05-07 14:49:49.026 - Datasource oracle_thin-18f3c211492-2c1234772ecf2464 not found in project General (/General/Scripts/rollback.sql)
2024-05-07 14:49:49.026 - Datasource oracle_thin-18f3c211492-2c1234772ecf2464 not found in project General (/General/Scripts/scottTableInsert.sql)
2024-05-07 14:50:36.317 - Datasource oracle_thin-18f3c211492-2c1234772ecf2464 not found in project General (/General/Scripts/apple1.sql)
2024-05-07 14:50:36.318 - Datasource oracle_thin-18f3c211492-2c1234772ecf2464 not found in project General (/General/Scripts/day011_oracle.sql)
2024-05-07 14:50:36.318 - Datasource oracle_thin-18f3c211492-2c1234772ecf2464 not found in project General (/General/Scripts/rollback.sql)
2024-05-07 14:50:36.318 - Datasource oracle_thin-18f3c211492-2c1234772ecf2464 not found in project General (/General/Scripts/scottTableInsert.sql)
2024-05-07 14:50:36.318 - Datasource oracle_thin-18f3c211492-2c1234772ecf2464 not found in project General (/General/Scripts/apple1.sql)
2024-05-07 14:50:36.318 - Datasource oracle_thin-18f3c211492-2c1234772ecf2464 not found in project General (/General/Scripts/day011_oracle.sql)
2024-05-07 14:50:36.318 - Datasource oracle_thin-18f3c211492-2c1234772ecf2464 not found in project General (/General/Scripts/rollback.sql)
2024-05-07 14:50:36.318 - Datasource oracle_thin-18f3c211492-2c1234772ecf2464 not found in project General (/General/Scripts/scottTableInsert.sql)
2024-05-07 15:03:15.204 - Execution context closed (localhost, 7)
> Start DBeaver Tasks View [org.jkiss.dbeaver.tasks.ui.view 1.0.78.202404211624]
2024-05-07 15:04:48.579 - Service 'org.jkiss.dbeaver.runtime.ui.UIServiceSecurity' not found
2024-05-07 15:05:44.045 - Datasource oracle_thin-18f3c211492-2c1234772ecf2464 not found in project General (/General/Scripts/apple1.sql)
2024-05-07 15:05:44.046 - Datasource oracle_thin-18f3c211492-2c1234772ecf2464 not found in project General (/General/Scripts/day011_oracle.sql)
2024-05-07 15:05:44.046 - Datasource oracle_thin-18f3c211492-2c1234772ecf2464 not found in project General (/General/Scripts/rollback.sql)
2024-05-07 15:05:44.046 - Datasource oracle_thin-18f3c211492-2c1234772ecf2464 not found in project General (/General/Scripts/scottTableInsert.sql)
2024-05-07 15:05:44.046 - Datasource oracle_thin-18f3c211492-2c1234772ecf2464 not found in project General (/General/Scripts/apple1.sql)
2024-05-07 15:05:44.047 - Datasource oracle_thin-18f3c211492-2c1234772ecf2464 not found in project General (/General/Scripts/day011_oracle.sql)
2024-05-07 15:05:44.047 - Datasource oracle_thin-18f3c211492-2c1234772ecf2464 not found in project General (/General/Scripts/rollback.sql)
2024-05-07 15:05:44.047 - Datasource oracle_thin-18f3c211492-2c1234772ecf2464 not found in project General (/General/Scripts/scottTableInsert.sql)
2024-05-07 15:05:51.811 - Execution context closed (localhost_root, 6)
2024-05-07 15:05:51.852 - Connect with 'SCOTT' (mysql8-18f51a795b8-64ac05e13fea7d8)
2024-05-07 15:05:51.853 - Execution context opened (SCOTT; Main; 9)
2024-05-07 15:05:51.957 - Public Key Retrieval is not allowed
org.jkiss.dbeaver.model.exec.DBCConnectException: Public Key Retrieval is not allowed
	at org.jkiss.dbeaver.model.impl.jdbc.JDBCDataSource.openConnection(JDBCDataSource.java:265)
	at org.jkiss.dbeaver.ext.mysql.model.MySQLDataSource.openConnection(MySQLDataSource.java:481)
	at org.jkiss.dbeaver.model.impl.jdbc.JDBCExecutionContext.connect(JDBCExecutionContext.java:106)
	at org.jkiss.dbeaver.model.impl.jdbc.JDBCRemoteInstance.initializeMainContext(JDBCRemoteInstance.java:102)
	at org.jkiss.dbeaver.model.impl.jdbc.JDBCRemoteInstance.<init>(JDBCRemoteInstance.java:61)
	at org.jkiss.dbeaver.model.impl.jdbc.JDBCDataSource.initializeRemoteInstance(JDBCDataSource.java:119)
	at org.jkiss.dbeaver.model.impl.jdbc.JDBCDataSource.<init>(JDBCDataSource.java:103)
	at org.jkiss.dbeaver.model.impl.jdbc.JDBCDataSource.<init>(JDBCDataSource.java:94)
	at org.jkiss.dbeaver.ext.mysql.model.MySQLDataSource.<init>(MySQLDataSource.java:121)
	at org.jkiss.dbeaver.ext.mysql.model.MySQLDataSource.<init>(MySQLDataSource.java:116)
	at org.jkiss.dbeaver.ext.mysql.MySQLDataSourceProvider.openDataSource(MySQLDataSourceProvider.java:154)
	at org.jkiss.dbeaver.registry.DataSourceDescriptor.openDataSource(DataSourceDescriptor.java:1366)
	at org.jkiss.dbeaver.registry.DataSourceDescriptor.connect0(DataSourceDescriptor.java:1243)
	at org.jkiss.dbeaver.registry.DataSourceDescriptor.connect(DataSourceDescriptor.java:1033)
	at org.jkiss.dbeaver.runtime.jobs.ConnectJob.run(ConnectJob.java:78)
	at org.jkiss.dbeaver.model.runtime.AbstractJob.run(AbstractJob.java:115)
	at org.eclipse.core.internal.jobs.Worker.run(Worker.java:63)
Caused by: java.sql.SQLNonTransientConnectionException: Public Key Retrieval is not allowed
	at com.mysql.cj.jdbc.exceptions.SQLError.createSQLException(SQLError.java:111)
	at com.mysql.cj.jdbc.exceptions.SQLExceptionsMapping.translateException(SQLExceptionsMapping.java:122)
	at com.mysql.cj.jdbc.ConnectionImpl.createNewIO(ConnectionImpl.java:815)
	at com.mysql.cj.jdbc.ConnectionImpl.<init>(ConnectionImpl.java:438)
	at com.mysql.cj.jdbc.ConnectionImpl.getInstance(ConnectionImpl.java:241)
	at com.mysql.cj.jdbc.NonRegisteringDriver.connect(NonRegisteringDriver.java:189)
	at org.jkiss.dbeaver.model.impl.jdbc.JDBCConnectionOpener.run(JDBCConnectionOpener.java:109)
	at org.jkiss.dbeaver.model.impl.jdbc.JDBCConnectionOpener.run(JDBCConnectionOpener.java:83)
	at org.jkiss.dbeaver.model.impl.jdbc.JDBCDataSource.openConnection(JDBCDataSource.java:221)
	... 16 more
Caused by: com.mysql.cj.exceptions.UnableToConnectException: Public Key Retrieval is not allowed
	at java.base/jdk.internal.reflect.NativeConstructorAccessorImpl.newInstance0(Native Method)
	at java.base/jdk.internal.reflect.NativeConstructorAccessorImpl.newInstance(Unknown Source)
	at java.base/jdk.internal.reflect.DelegatingConstructorAccessorImpl.newInstance(Unknown Source)
	at java.base/java.lang.reflect.Constructor.newInstanceWithCaller(Unknown Source)
	at java.base/java.lang.reflect.Constructor.newInstance(Unknown Source)
	at com.mysql.cj.exceptions.ExceptionFactory.createException(ExceptionFactory.java:61)
	at com.mysql.cj.exceptions.ExceptionFactory.createException(ExceptionFactory.java:85)
	at com.mysql.cj.protocol.a.authentication.CachingSha2PasswordPlugin.nextAuthenticationStep(CachingSha2PasswordPlugin.java:131)
	at com.mysql.cj.protocol.a.authentication.CachingSha2PasswordPlugin.nextAuthenticationStep(CachingSha2PasswordPlugin.java:49)
	at com.mysql.cj.protocol.a.NativeAuthenticationProvider.proceedHandshakeWithPluggableAuthentication(NativeAuthenticationProvider.java:446)
	at com.mysql.cj.protocol.a.NativeAuthenticationProvider.connect(NativeAuthenticationProvider.java:215)
	at com.mysql.cj.protocol.a.NativeProtocol.connect(NativeProtocol.java:1428)
	at com.mysql.cj.NativeSession.connect(NativeSession.java:133)
	at com.mysql.cj.jdbc.ConnectionImpl.connectOneTryOnly(ConnectionImpl.java:935)
	at com.mysql.cj.jdbc.ConnectionImpl.createNewIO(ConnectionImpl.java:805)
	... 22 more
2024-05-07 15:06:19.613 - Connect with 'SCOTT' (mysql8-18f51a795b8-64ac05e13fea7d8)
2024-05-07 15:06:19.614 - Execution context opened (SCOTT; Main; 10)
2024-05-07 15:06:19.615 - Public Key Retrieval is not allowed
org.jkiss.dbeaver.model.exec.DBCConnectException: Public Key Retrieval is not allowed
	at org.jkiss.dbeaver.model.impl.jdbc.JDBCDataSource.openConnection(JDBCDataSource.java:265)
	at org.jkiss.dbeaver.ext.mysql.model.MySQLDataSource.openConnection(MySQLDataSource.java:481)
	at org.jkiss.dbeaver.model.impl.jdbc.JDBCExecutionContext.connect(JDBCExecutionContext.java:106)
	at org.jkiss.dbeaver.model.impl.jdbc.JDBCRemoteInstance.initializeMainContext(JDBCRemoteInstance.java:102)
	at org.jkiss.dbeaver.model.impl.jdbc.JDBCRemoteInstance.<init>(JDBCRemoteInstance.java:61)
	at org.jkiss.dbeaver.model.impl.jdbc.JDBCDataSource.initializeRemoteInstance(JDBCDataSource.java:119)
	at org.jkiss.dbeaver.model.impl.jdbc.JDBCDataSource.<init>(JDBCDataSource.java:103)
	at org.jkiss.dbeaver.model.impl.jdbc.JDBCDataSource.<init>(JDBCDataSource.java:94)
	at org.jkiss.dbeaver.ext.mysql.model.MySQLDataSource.<init>(MySQLDataSource.java:121)
	at org.jkiss.dbeaver.ext.mysql.model.MySQLDataSource.<init>(MySQLDataSource.java:116)
	at org.jkiss.dbeaver.ext.mysql.MySQLDataSourceProvider.openDataSource(MySQLDataSourceProvider.java:154)
	at org.jkiss.dbeaver.registry.DataSourceDescriptor.openDataSource(DataSourceDescriptor.java:1366)
	at org.jkiss.dbeaver.registry.DataSourceDescriptor.connect0(DataSourceDescriptor.java:1243)
	at org.jkiss.dbeaver.registry.DataSourceDescriptor.connect(DataSourceDescriptor.java:1033)
	at org.jkiss.dbeaver.runtime.jobs.ConnectJob.run(ConnectJob.java:78)
	at org.jkiss.dbeaver.model.runtime.AbstractJob.run(AbstractJob.java:115)
	at org.eclipse.core.internal.jobs.Worker.run(Worker.java:63)
Caused by: java.sql.SQLNonTransientConnectionException: Public Key Retrieval is not allowed
	at com.mysql.cj.jdbc.exceptions.SQLError.createSQLException(SQLError.java:111)
	at com.mysql.cj.jdbc.exceptions.SQLExceptionsMapping.translateException(SQLExceptionsMapping.java:122)
	at com.mysql.cj.jdbc.ConnectionImpl.createNewIO(ConnectionImpl.java:815)
	at com.mysql.cj.jdbc.ConnectionImpl.<init>(ConnectionImpl.java:438)
	at com.mysql.cj.jdbc.ConnectionImpl.getInstance(ConnectionImpl.java:241)
	at com.mysql.cj.jdbc.NonRegisteringDriver.connect(NonRegisteringDriver.java:189)
	at org.jkiss.dbeaver.model.impl.jdbc.JDBCConnectionOpener.run(JDBCConnectionOpener.java:109)
	at org.jkiss.dbeaver.model.impl.jdbc.JDBCConnectionOpener.run(JDBCConnectionOpener.java:83)
	at org.jkiss.dbeaver.model.impl.jdbc.JDBCDataSource.openConnection(JDBCDataSource.java:221)
	... 16 more
Caused by: com.mysql.cj.exceptions.UnableToConnectException: Public Key Retrieval is not allowed
	at java.base/jdk.internal.reflect.NativeConstructorAccessorImpl.newInstance0(Native Method)
	at java.base/jdk.internal.reflect.NativeConstructorAccessorImpl.newInstance(Unknown Source)
	at java.base/jdk.internal.reflect.DelegatingConstructorAccessorImpl.newInstance(Unknown Source)
	at java.base/java.lang.reflect.Constructor.newInstanceWithCaller(Unknown Source)
	at java.base/java.lang.reflect.Constructor.newInstance(Unknown Source)
	at com.mysql.cj.exceptions.ExceptionFactory.createException(ExceptionFactory.java:61)
	at com.mysql.cj.exceptions.ExceptionFactory.createException(ExceptionFactory.java:85)
	at com.mysql.cj.protocol.a.authentication.CachingSha2PasswordPlugin.nextAuthenticationStep(CachingSha2PasswordPlugin.java:131)
	at com.mysql.cj.protocol.a.authentication.CachingSha2PasswordPlugin.nextAuthenticationStep(CachingSha2PasswordPlugin.java:49)
	at com.mysql.cj.protocol.a.NativeAuthenticationProvider.proceedHandshakeWithPluggableAuthentication(NativeAuthenticationProvider.java:446)
	at com.mysql.cj.protocol.a.NativeAuthenticationProvider.connect(NativeAuthenticationProvider.java:215)
	at com.mysql.cj.protocol.a.NativeProtocol.connect(NativeProtocol.java:1428)
	at com.mysql.cj.NativeSession.connect(NativeSession.java:133)
	at com.mysql.cj.jdbc.ConnectionImpl.connectOneTryOnly(ConnectionImpl.java:935)
	at com.mysql.cj.jdbc.ConnectionImpl.createNewIO(ConnectionImpl.java:805)
	... 22 more
2024-05-07 15:06:25.531 - Connect with 'SCOTT' (mysql8-18f51a795b8-64ac05e13fea7d8)
2024-05-07 15:06:25.531 - Execution context opened (SCOTT; Main; 11)
2024-05-07 15:06:25.534 - Public Key Retrieval is not allowed
org.jkiss.dbeaver.model.exec.DBCConnectException: Public Key Retrieval is not allowed
	at org.jkiss.dbeaver.model.impl.jdbc.JDBCDataSource.openConnection(JDBCDataSource.java:265)
	at org.jkiss.dbeaver.ext.mysql.model.MySQLDataSource.openConnection(MySQLDataSource.java:481)
	at org.jkiss.dbeaver.model.impl.jdbc.JDBCExecutionContext.connect(JDBCExecutionContext.java:106)
	at org.jkiss.dbeaver.model.impl.jdbc.JDBCRemoteInstance.initializeMainContext(JDBCRemoteInstance.java:102)
	at org.jkiss.dbeaver.model.impl.jdbc.JDBCRemoteInstance.<init>(JDBCRemoteInstance.java:61)
	at org.jkiss.dbeaver.model.impl.jdbc.JDBCDataSource.initializeRemoteInstance(JDBCDataSource.java:119)
	at org.jkiss.dbeaver.model.impl.jdbc.JDBCDataSource.<init>(JDBCDataSource.java:103)
	at org.jkiss.dbeaver.model.impl.jdbc.JDBCDataSource.<init>(JDBCDataSource.java:94)
	at org.jkiss.dbeaver.ext.mysql.model.MySQLDataSource.<init>(MySQLDataSource.java:121)
	at org.jkiss.dbeaver.ext.mysql.model.MySQLDataSource.<init>(MySQLDataSource.java:116)
	at org.jkiss.dbeaver.ext.mysql.MySQLDataSourceProvider.openDataSource(MySQLDataSourceProvider.java:154)
	at org.jkiss.dbeaver.registry.DataSourceDescriptor.openDataSource(DataSourceDescriptor.java:1366)
	at org.jkiss.dbeaver.registry.DataSourceDescriptor.connect0(DataSourceDescriptor.java:1243)
	at org.jkiss.dbeaver.registry.DataSourceDescriptor.connect(DataSourceDescriptor.java:1033)
	at org.jkiss.dbeaver.runtime.jobs.ConnectJob.run(ConnectJob.java:78)
	at org.jkiss.dbeaver.model.runtime.AbstractJob.run(AbstractJob.java:115)
	at org.eclipse.core.internal.jobs.Worker.run(Worker.java:63)
Caused by: java.sql.SQLNonTransientConnectionException: Public Key Retrieval is not allowed
	at com.mysql.cj.jdbc.exceptions.SQLError.createSQLException(SQLError.java:111)
	at com.mysql.cj.jdbc.exceptions.SQLExceptionsMapping.translateException(SQLExceptionsMapping.java:122)
	at com.mysql.cj.jdbc.ConnectionImpl.createNewIO(ConnectionImpl.java:815)
	at com.mysql.cj.jdbc.ConnectionImpl.<init>(ConnectionImpl.java:438)
	at com.mysql.cj.jdbc.ConnectionImpl.getInstance(ConnectionImpl.java:241)
	at com.mysql.cj.jdbc.NonRegisteringDriver.connect(NonRegisteringDriver.java:189)
	at org.jkiss.dbeaver.model.impl.jdbc.JDBCConnectionOpener.run(JDBCConnectionOpener.java:109)
	at org.jkiss.dbeaver.model.impl.jdbc.JDBCConnectionOpener.run(JDBCConnectionOpener.java:83)
	at org.jkiss.dbeaver.model.impl.jdbc.JDBCDataSource.openConnection(JDBCDataSource.java:221)
	... 16 more
Caused by: com.mysql.cj.exceptions.UnableToConnectException: Public Key Retrieval is not allowed
	at java.base/jdk.internal.reflect.NativeConstructorAccessorImpl.newInstance0(Native Method)
	at java.base/jdk.internal.reflect.NativeConstructorAccessorImpl.newInstance(Unknown Source)
	at java.base/jdk.internal.reflect.DelegatingConstructorAccessorImpl.newInstance(Unknown Source)
	at java.base/java.lang.reflect.Constructor.newInstanceWithCaller(Unknown Source)
	at java.base/java.lang.reflect.Constructor.newInstance(Unknown Source)
	at com.mysql.cj.exceptions.ExceptionFactory.createException(ExceptionFactory.java:61)
	at com.mysql.cj.exceptions.ExceptionFactory.createException(ExceptionFactory.java:85)
	at com.mysql.cj.protocol.a.authentication.CachingSha2PasswordPlugin.nextAuthenticationStep(CachingSha2PasswordPlugin.java:131)
	at com.mysql.cj.protocol.a.authentication.CachingSha2PasswordPlugin.nextAuthenticationStep(CachingSha2PasswordPlugin.java:49)
	at com.mysql.cj.protocol.a.NativeAuthenticationProvider.proceedHandshakeWithPluggableAuthentication(NativeAuthenticationProvider.java:446)
	at com.mysql.cj.protocol.a.NativeAuthenticationProvider.connect(NativeAuthenticationProvider.java:215)
	at com.mysql.cj.protocol.a.NativeProtocol.connect(NativeProtocol.java:1428)
	at com.mysql.cj.NativeSession.connect(NativeSession.java:133)
	at com.mysql.cj.jdbc.ConnectionImpl.connectOneTryOnly(ConnectionImpl.java:935)
	at com.mysql.cj.jdbc.ConnectionImpl.createNewIO(ConnectionImpl.java:805)
	... 22 more
2024-05-07 15:06:34.413 - Datasource oracle_thin-18f3c211492-2c1234772ecf2464 not found in project General (/General/Scripts/apple1.sql)
2024-05-07 15:06:34.413 - Datasource oracle_thin-18f3c211492-2c1234772ecf2464 not found in project General (/General/Scripts/day011_oracle.sql)
2024-05-07 15:06:34.413 - Datasource oracle_thin-18f3c211492-2c1234772ecf2464 not found in project General (/General/Scripts/rollback.sql)
2024-05-07 15:06:34.413 - Datasource oracle_thin-18f3c211492-2c1234772ecf2464 not found in project General (/General/Scripts/scottTableInsert.sql)
2024-05-07 15:06:34.414 - Datasource oracle_thin-18f3c211492-2c1234772ecf2464 not found in project General (/General/Scripts/apple1.sql)
2024-05-07 15:06:34.414 - Datasource oracle_thin-18f3c211492-2c1234772ecf2464 not found in project General (/General/Scripts/day011_oracle.sql)
2024-05-07 15:06:34.414 - Datasource oracle_thin-18f3c211492-2c1234772ecf2464 not found in project General (/General/Scripts/rollback.sql)
2024-05-07 15:06:34.414 - Datasource oracle_thin-18f3c211492-2c1234772ecf2464 not found in project General (/General/Scripts/scottTableInsert.sql)
2024-05-07 15:06:51.579 - Connect with 'SCOTT' (mysql8-18f51a795b8-64ac05e13fea7d8)
2024-05-07 15:06:51.580 - Execution context opened (SCOTT; Main; 12)
2024-05-07 15:06:51.581 - Public Key Retrieval is not allowed
org.jkiss.dbeaver.model.exec.DBCConnectException: Public Key Retrieval is not allowed
	at org.jkiss.dbeaver.model.impl.jdbc.JDBCDataSource.openConnection(JDBCDataSource.java:265)
	at org.jkiss.dbeaver.ext.mysql.model.MySQLDataSource.openConnection(MySQLDataSource.java:481)
	at org.jkiss.dbeaver.model.impl.jdbc.JDBCExecutionContext.connect(JDBCExecutionContext.java:106)
	at org.jkiss.dbeaver.model.impl.jdbc.JDBCRemoteInstance.initializeMainContext(JDBCRemoteInstance.java:102)
	at org.jkiss.dbeaver.model.impl.jdbc.JDBCRemoteInstance.<init>(JDBCRemoteInstance.java:61)
	at org.jkiss.dbeaver.model.impl.jdbc.JDBCDataSource.initializeRemoteInstance(JDBCDataSource.java:119)
	at org.jkiss.dbeaver.model.impl.jdbc.JDBCDataSource.<init>(JDBCDataSource.java:103)
	at org.jkiss.dbeaver.model.impl.jdbc.JDBCDataSource.<init>(JDBCDataSource.java:94)
	at org.jkiss.dbeaver.ext.mysql.model.MySQLDataSource.<init>(MySQLDataSource.java:121)
	at org.jkiss.dbeaver.ext.mysql.model.MySQLDataSource.<init>(MySQLDataSource.java:116)
	at org.jkiss.dbeaver.ext.mysql.MySQLDataSourceProvider.openDataSource(MySQLDataSourceProvider.java:154)
	at org.jkiss.dbeaver.registry.DataSourceDescriptor.openDataSource(DataSourceDescriptor.java:1366)
	at org.jkiss.dbeaver.registry.DataSourceDescriptor.connect0(DataSourceDescriptor.java:1243)
	at org.jkiss.dbeaver.registry.DataSourceDescriptor.connect(DataSourceDescriptor.java:1033)
	at org.jkiss.dbeaver.runtime.jobs.ConnectJob.run(ConnectJob.java:78)
	at org.jkiss.dbeaver.runtime.jobs.ConnectJob.runSync(ConnectJob.java:109)
	at org.jkiss.dbeaver.ui.actions.datasource.DataSourceHandler.connectToDataSource(DataSourceHandler.java:117)
	at org.jkiss.dbeaver.ui.actions.datasource.UIServiceConnectionsImpl.initConnection(UIServiceConnectionsImpl.java:87)
	at org.jkiss.dbeaver.model.DBUtils.initDataSource(DBUtils.java:2505)
	at org.jkiss.dbeaver.model.navigator.DBNDataSource.initializeNode(DBNDataSource.java:158)
	at org.jkiss.dbeaver.model.navigator.DBNDatabaseNode.getChildren(DBNDatabaseNode.java:227)
	at org.jkiss.dbeaver.model.navigator.DBNDatabaseNode.getChildren(DBNDatabaseNode.java:1)
	at org.jkiss.dbeaver.model.navigator.DBNUtils.getNodeChildrenFiltered(DBNUtils.java:91)
	at org.jkiss.dbeaver.ui.navigator.database.load.TreeLoadService.evaluate(TreeLoadService.java:49)
	at org.jkiss.dbeaver.ui.navigator.database.load.TreeLoadService.evaluate(TreeLoadService.java:1)
	at org.jkiss.dbeaver.ui.LoadingJob.run(LoadingJob.java:89)
	at org.jkiss.dbeaver.ui.LoadingJob.run(LoadingJob.java:73)
	at org.jkiss.dbeaver.model.runtime.AbstractJob.run(AbstractJob.java:115)
	at org.eclipse.core.internal.jobs.Worker.run(Worker.java:63)
Caused by: java.sql.SQLNonTransientConnectionException: Public Key Retrieval is not allowed
	at com.mysql.cj.jdbc.exceptions.SQLError.createSQLException(SQLError.java:111)
	at com.mysql.cj.jdbc.exceptions.SQLExceptionsMapping.translateException(SQLExceptionsMapping.java:122)
	at com.mysql.cj.jdbc.ConnectionImpl.createNewIO(ConnectionImpl.java:815)
	at com.mysql.cj.jdbc.ConnectionImpl.<init>(ConnectionImpl.java:438)
	at com.mysql.cj.jdbc.ConnectionImpl.getInstance(ConnectionImpl.java:241)
	at com.mysql.cj.jdbc.NonRegisteringDriver.connect(NonRegisteringDriver.java:189)
	at org.jkiss.dbeaver.model.impl.jdbc.JDBCConnectionOpener.run(JDBCConnectionOpener.java:109)
	at org.jkiss.dbeaver.model.impl.jdbc.JDBCConnectionOpener.run(JDBCConnectionOpener.java:83)
	at org.jkiss.dbeaver.model.impl.jdbc.JDBCDataSource.openConnection(JDBCDataSource.java:221)
	... 28 more
Caused by: com.mysql.cj.exceptions.UnableToConnectException: Public Key Retrieval is not allowed
	at java.base/jdk.internal.reflect.NativeConstructorAccessorImpl.newInstance0(Native Method)
	at java.base/jdk.internal.reflect.NativeConstructorAccessorImpl.newInstance(Unknown Source)
	at java.base/jdk.internal.reflect.DelegatingConstructorAccessorImpl.newInstance(Unknown Source)
	at java.base/java.lang.reflect.Constructor.newInstanceWithCaller(Unknown Source)
	at java.base/java.lang.reflect.Constructor.newInstance(Unknown Source)
	at com.mysql.cj.exceptions.ExceptionFactory.createException(ExceptionFactory.java:61)
	at com.mysql.cj.exceptions.ExceptionFactory.createException(ExceptionFactory.java:85)
	at com.mysql.cj.protocol.a.authentication.CachingSha2PasswordPlugin.nextAuthenticationStep(CachingSha2PasswordPlugin.java:131)
	at com.mysql.cj.protocol.a.authentication.CachingSha2PasswordPlugin.nextAuthenticationStep(CachingSha2PasswordPlugin.java:49)
	at com.mysql.cj.protocol.a.NativeAuthenticationProvider.proceedHandshakeWithPluggableAuthentication(NativeAuthenticationProvider.java:446)
	at com.mysql.cj.protocol.a.NativeAuthenticationProvider.connect(NativeAuthenticationProvider.java:215)
	at com.mysql.cj.protocol.a.NativeProtocol.connect(NativeProtocol.java:1428)
	at com.mysql.cj.NativeSession.connect(NativeSession.java:133)
	at com.mysql.cj.jdbc.ConnectionImpl.connectOneTryOnly(ConnectionImpl.java:935)
	at com.mysql.cj.jdbc.ConnectionImpl.createNewIO(ConnectionImpl.java:805)
	... 34 more
2024-05-07 15:06:58.194 - Execution context opened (localhost_root; SQLEditor <day02_mysql.sql>; 13)
2024-05-07 15:07:10.362 - org.jkiss.dbeaver.model.sql.DBSQLException: SQL Error [1046] [3D000]: No database selected
	at org.jkiss.dbeaver.model.impl.jdbc.exec.JDBCStatementImpl.executeStatement(JDBCStatementImpl.java:133)
	at org.jkiss.dbeaver.ui.editors.sql.execute.SQLQueryJob.executeStatement(SQLQueryJob.java:614)
	at org.jkiss.dbeaver.ui.editors.sql.execute.SQLQueryJob.lambda$2(SQLQueryJob.java:505)
	at org.jkiss.dbeaver.model.exec.DBExecUtils.tryExecuteRecover(DBExecUtils.java:194)
	at org.jkiss.dbeaver.ui.editors.sql.execute.SQLQueryJob.executeSingleQuery(SQLQueryJob.java:524)
	at org.jkiss.dbeaver.ui.editors.sql.execute.SQLQueryJob.run(SQLQueryJob.java:239)
	at org.jkiss.dbeaver.model.runtime.AbstractJob.run(AbstractJob.java:115)
	at org.eclipse.core.internal.jobs.Worker.run(Worker.java:63)
Caused by: java.sql.SQLException: No database selected
	at com.mysql.cj.jdbc.exceptions.SQLError.createSQLException(SQLError.java:130)
	at com.mysql.cj.jdbc.exceptions.SQLExceptionsMapping.translateException(SQLExceptionsMapping.java:122)
	at com.mysql.cj.jdbc.StatementImpl.executeInternal(StatementImpl.java:767)
	at com.mysql.cj.jdbc.StatementImpl.execute(StatementImpl.java:652)
	at org.jkiss.dbeaver.model.impl.jdbc.exec.JDBCStatementImpl.execute(JDBCStatementImpl.java:330)
	at org.jkiss.dbeaver.model.impl.jdbc.exec.JDBCStatementImpl.executeStatement(JDBCStatementImpl.java:131)
	... 7 more
2024-05-07 15:07:58.001 - Execution context closed (localhost_root, 13)
2024-05-07 15:07:58.007 - Connect with 'SCOTT' (mysql8-18f51a795b8-64ac05e13fea7d8)
2024-05-07 15:07:58.007 - Execution context opened (SCOTT; Main; 14)
2024-05-07 15:07:58.049 - Public Key Retrieval is not allowed
org.jkiss.dbeaver.model.exec.DBCConnectException: Public Key Retrieval is not allowed
	at org.jkiss.dbeaver.model.impl.jdbc.JDBCDataSource.openConnection(JDBCDataSource.java:265)
	at org.jkiss.dbeaver.ext.mysql.model.MySQLDataSource.openConnection(MySQLDataSource.java:481)
	at org.jkiss.dbeaver.model.impl.jdbc.JDBCExecutionContext.connect(JDBCExecutionContext.java:106)
	at org.jkiss.dbeaver.model.impl.jdbc.JDBCRemoteInstance.initializeMainContext(JDBCRemoteInstance.java:102)
	at org.jkiss.dbeaver.model.impl.jdbc.JDBCRemoteInstance.<init>(JDBCRemoteInstance.java:61)
	at org.jkiss.dbeaver.model.impl.jdbc.JDBCDataSource.initializeRemoteInstance(JDBCDataSource.java:119)
	at org.jkiss.dbeaver.model.impl.jdbc.JDBCDataSource.<init>(JDBCDataSource.java:103)
	at org.jkiss.dbeaver.model.impl.jdbc.JDBCDataSource.<init>(JDBCDataSource.java:94)
	at org.jkiss.dbeaver.ext.mysql.model.MySQLDataSource.<init>(MySQLDataSource.java:121)
	at org.jkiss.dbeaver.ext.mysql.model.MySQLDataSource.<init>(MySQLDataSource.java:116)
	at org.jkiss.dbeaver.ext.mysql.MySQLDataSourceProvider.openDataSource(MySQLDataSourceProvider.java:154)
	at org.jkiss.dbeaver.registry.DataSourceDescriptor.openDataSource(DataSourceDescriptor.java:1366)
	at org.jkiss.dbeaver.registry.DataSourceDescriptor.connect0(DataSourceDescriptor.java:1243)
	at org.jkiss.dbeaver.registry.DataSourceDescriptor.connect(DataSourceDescriptor.java:1033)
	at org.jkiss.dbeaver.runtime.jobs.ConnectJob.run(ConnectJob.java:78)
	at org.jkiss.dbeaver.model.runtime.AbstractJob.run(AbstractJob.java:115)
	at org.eclipse.core.internal.jobs.Worker.run(Worker.java:63)
Caused by: java.sql.SQLNonTransientConnectionException: Public Key Retrieval is not allowed
	at com.mysql.cj.jdbc.exceptions.SQLError.createSQLException(SQLError.java:111)
	at com.mysql.cj.jdbc.exceptions.SQLExceptionsMapping.translateException(SQLExceptionsMapping.java:122)
	at com.mysql.cj.jdbc.ConnectionImpl.createNewIO(ConnectionImpl.java:815)
	at com.mysql.cj.jdbc.ConnectionImpl.<init>(ConnectionImpl.java:438)
	at com.mysql.cj.jdbc.ConnectionImpl.getInstance(ConnectionImpl.java:241)
	at com.mysql.cj.jdbc.NonRegisteringDriver.connect(NonRegisteringDriver.java:189)
	at org.jkiss.dbeaver.model.impl.jdbc.JDBCConnectionOpener.run(JDBCConnectionOpener.java:109)
	at org.jkiss.dbeaver.model.impl.jdbc.JDBCConnectionOpener.run(JDBCConnectionOpener.java:83)
	at org.jkiss.dbeaver.model.impl.jdbc.JDBCDataSource.openConnection(JDBCDataSource.java:221)
	... 16 more
Caused by: com.mysql.cj.exceptions.UnableToConnectException: Public Key Retrieval is not allowed
	at java.base/jdk.internal.reflect.NativeConstructorAccessorImpl.newInstance0(Native Method)
	at java.base/jdk.internal.reflect.NativeConstructorAccessorImpl.newInstance(Unknown Source)
	at java.base/jdk.internal.reflect.DelegatingConstructorAccessorImpl.newInstance(Unknown Source)
	at java.base/java.lang.reflect.Constructor.newInstanceWithCaller(Unknown Source)
	at java.base/java.lang.reflect.Constructor.newInstance(Unknown Source)
	at com.mysql.cj.exceptions.ExceptionFactory.createException(ExceptionFactory.java:61)
	at com.mysql.cj.exceptions.ExceptionFactory.createException(ExceptionFactory.java:85)
	at com.mysql.cj.protocol.a.authentication.CachingSha2PasswordPlugin.nextAuthenticationStep(CachingSha2PasswordPlugin.java:131)
	at com.mysql.cj.protocol.a.authentication.CachingSha2PasswordPlugin.nextAuthenticationStep(CachingSha2PasswordPlugin.java:49)
	at com.mysql.cj.protocol.a.NativeAuthenticationProvider.proceedHandshakeWithPluggableAuthentication(NativeAuthenticationProvider.java:446)
	at com.mysql.cj.protocol.a.NativeAuthenticationProvider.connect(NativeAuthenticationProvider.java:215)
	at com.mysql.cj.protocol.a.NativeProtocol.connect(NativeProtocol.java:1428)
	at com.mysql.cj.NativeSession.connect(NativeSession.java:133)
	at com.mysql.cj.jdbc.ConnectionImpl.connectOneTryOnly(ConnectionImpl.java:935)
	at com.mysql.cj.jdbc.ConnectionImpl.createNewIO(ConnectionImpl.java:805)
	... 22 more
2024-05-07 15:08:31.609 - Datasource oracle_thin-18f3c211492-2c1234772ecf2464 not found in project General (/General/Scripts/apple1.sql)
2024-05-07 15:08:31.609 - Datasource oracle_thin-18f3c211492-2c1234772ecf2464 not found in project General (/General/Scripts/day011_oracle.sql)
2024-05-07 15:08:31.609 - Datasource oracle_thin-18f3c211492-2c1234772ecf2464 not found in project General (/General/Scripts/rollback.sql)
2024-05-07 15:08:31.609 - Datasource oracle_thin-18f3c211492-2c1234772ecf2464 not found in project General (/General/Scripts/scottTableInsert.sql)
2024-05-07 15:08:31.610 - Datasource oracle_thin-18f3c211492-2c1234772ecf2464 not found in project General (/General/Scripts/apple1.sql)
2024-05-07 15:08:31.610 - Datasource oracle_thin-18f3c211492-2c1234772ecf2464 not found in project General (/General/Scripts/day011_oracle.sql)
2024-05-07 15:08:31.610 - Datasource oracle_thin-18f3c211492-2c1234772ecf2464 not found in project General (/General/Scripts/rollback.sql)
2024-05-07 15:08:31.610 - Datasource oracle_thin-18f3c211492-2c1234772ecf2464 not found in project General (/General/Scripts/scottTableInsert.sql)
2024-05-07 15:08:42.265 - Datasource oracle_thin-18f3c211492-2c1234772ecf2464 not found in project General (/General/Scripts/apple1.sql)
2024-05-07 15:08:42.265 - Datasource oracle_thin-18f3c211492-2c1234772ecf2464 not found in project General (/General/Scripts/day011_oracle.sql)
2024-05-07 15:08:42.265 - Datasource oracle_thin-18f3c211492-2c1234772ecf2464 not found in project General (/General/Scripts/rollback.sql)
2024-05-07 15:08:42.265 - Datasource oracle_thin-18f3c211492-2c1234772ecf2464 not found in project General (/General/Scripts/scottTableInsert.sql)
2024-05-07 15:08:42.266 - Datasource oracle_thin-18f3c211492-2c1234772ecf2464 not found in project General (/General/Scripts/apple1.sql)
2024-05-07 15:08:42.266 - Datasource oracle_thin-18f3c211492-2c1234772ecf2464 not found in project General (/General/Scripts/day011_oracle.sql)
2024-05-07 15:08:42.266 - Datasource oracle_thin-18f3c211492-2c1234772ecf2464 not found in project General (/General/Scripts/rollback.sql)
2024-05-07 15:08:42.266 - Datasource oracle_thin-18f3c211492-2c1234772ecf2464 not found in project General (/General/Scripts/scottTableInsert.sql)
2024-05-07 15:09:00.777 - Execution context opened (localhost_root; SQLEditor <day02_mysql.sql>; 15)
2024-05-07 15:09:57.244 - Datasource oracle_thin-18f3c211492-2c1234772ecf2464 not found in project General (/General/Scripts/apple1.sql)
2024-05-07 15:09:57.244 - Datasource oracle_thin-18f3c211492-2c1234772ecf2464 not found in project General (/General/Scripts/day011_oracle.sql)
2024-05-07 15:09:57.244 - Datasource oracle_thin-18f3c211492-2c1234772ecf2464 not found in project General (/General/Scripts/rollback.sql)
2024-05-07 15:09:57.244 - Datasource oracle_thin-18f3c211492-2c1234772ecf2464 not found in project General (/General/Scripts/scottTableInsert.sql)
2024-05-07 15:09:57.245 - Datasource oracle_thin-18f3c211492-2c1234772ecf2464 not found in project General (/General/Scripts/apple1.sql)
2024-05-07 15:09:57.245 - Datasource oracle_thin-18f3c211492-2c1234772ecf2464 not found in project General (/General/Scripts/day011_oracle.sql)
2024-05-07 15:09:57.245 - Datasource oracle_thin-18f3c211492-2c1234772ecf2464 not found in project General (/General/Scripts/rollback.sql)
2024-05-07 15:09:57.245 - Datasource oracle_thin-18f3c211492-2c1234772ecf2464 not found in project General (/General/Scripts/scottTableInsert.sql)
2024-05-07 15:10:36.793 - Error while analyzing query text: ------------------------------------

CREATE TABLE 








java.lang.NullPointerException: Cannot invoke "org.jkiss.dbeaver.model.stm.STMTreeNode.getNodeName()" because "node" is null
	at org.jkiss.dbeaver.ui.editors.sql.semantics.SQLQueryModelRecognizer.collectIdentifier(SQLQueryModelRecognizer.java:875)
	at org.jkiss.dbeaver.ui.editors.sql.semantics.SQLQueryModelRecognizer.collectQualifiedName(SQLQueryModelRecognizer.java:972)
	at org.jkiss.dbeaver.ui.editors.sql.semantics.SQLQueryModelRecognizer.collectTableName(SQLQueryModelRecognizer.java:953)
	at org.jkiss.dbeaver.ui.editors.sql.semantics.SQLQueryModelRecognizer.traverseForIdentifiers(SQLQueryModelRecognizer.java:468)
	at org.jkiss.dbeaver.ui.editors.sql.semantics.SQLQueryModelRecognizer.recognizeQuery(SQLQueryModelRecognizer.java:678)
	at org.jkiss.dbeaver.ui.editors.sql.semantics.SQLBackgroundParsingJob.doWork(SQLBackgroundParsingJob.java:501)
	at org.jkiss.dbeaver.ui.editors.sql.semantics.SQLBackgroundParsingJob$1.run(SQLBackgroundParsingJob.java:81)
	at org.jkiss.dbeaver.model.runtime.AbstractJob.run(AbstractJob.java:115)
	at org.eclipse.core.internal.jobs.Worker.run(Worker.java:63)
2024-05-07 15:10:50.721 - Error while analyzing query text: CREATE TABLE 








java.lang.NullPointerException: Cannot invoke "org.jkiss.dbeaver.model.stm.STMTreeNode.getNodeName()" because "node" is null
	at org.jkiss.dbeaver.ui.editors.sql.semantics.SQLQueryModelRecognizer.collectIdentifier(SQLQueryModelRecognizer.java:875)
	at org.jkiss.dbeaver.ui.editors.sql.semantics.SQLQueryModelRecognizer.collectQualifiedName(SQLQueryModelRecognizer.java:972)
	at org.jkiss.dbeaver.ui.editors.sql.semantics.SQLQueryModelRecognizer.collectTableName(SQLQueryModelRecognizer.java:953)
	at org.jkiss.dbeaver.ui.editors.sql.semantics.SQLQueryModelRecognizer.traverseForIdentifiers(SQLQueryModelRecognizer.java:468)
	at org.jkiss.dbeaver.ui.editors.sql.semantics.SQLQueryModelRecognizer.recognizeQuery(SQLQueryModelRecognizer.java:678)
	at org.jkiss.dbeaver.ui.editors.sql.semantics.SQLBackgroundParsingJob.doWork(SQLBackgroundParsingJob.java:501)
	at org.jkiss.dbeaver.ui.editors.sql.semantics.SQLBackgroundParsingJob$1.run(SQLBackgroundParsingJob.java:81)
	at org.jkiss.dbeaver.model.runtime.AbstractJob.run(AbstractJob.java:115)
	at org.eclipse.core.internal.jobs.Worker.run(Worker.java:63)
2024-05-07 15:12:29.726 - Event loop exception
java.lang.NullPointerException: Cannot invoke "org.eclipse.jface.text.source.IAnnotationModel.getAnnotationIterator()" because the return value of "org.eclipse.jface.text.source.ISourceViewer.getAnnotationModel()" is null
	at org.jkiss.dbeaver.ui.editors.sql.util.SQLAnnotationHover.getHoverInfo(SQLAnnotationHover.java:103)
	at org.eclipse.jface.text.source.AnnotationBarHoverManager.computeInformation(AnnotationBarHoverManager.java:346)
	at org.eclipse.jface.text.AbstractInformationControlManager.doShowInformation(AbstractInformationControlManager.java:1101)
	at org.eclipse.jface.text.AbstractHoverInformationControlManager$MouseTracker.mouseHover(AbstractHoverInformationControlManager.java:511)
	at org.eclipse.swt.widgets.TypedListener.handleEvent(TypedListener.java:212)
	at org.eclipse.swt.widgets.EventTable.sendEvent(EventTable.java:89)
	at org.eclipse.swt.widgets.Display.sendEvent(Display.java:4273)
	at org.eclipse.swt.widgets.Widget.sendEvent(Widget.java:1066)
	at org.eclipse.swt.widgets.Display.runDeferredEvents(Display.java:4071)
	at org.eclipse.swt.widgets.Display.readAndDispatch(Display.java:3659)
	at org.eclipse.e4.ui.internal.workbench.swt.PartRenderingEngine$5.run(PartRenderingEngine.java:1155)
	at org.eclipse.core.databinding.observable.Realm.runWithDefault(Realm.java:342)
	at org.eclipse.e4.ui.internal.workbench.swt.PartRenderingEngine.run(PartRenderingEngine.java:1046)
	at org.eclipse.e4.ui.internal.workbench.E4Workbench.createAndRunUI(E4Workbench.java:155)
	at org.eclipse.ui.internal.Workbench.lambda$3(Workbench.java:648)
	at org.eclipse.core.databinding.observable.Realm.runWithDefault(Realm.java:342)
	at org.eclipse.ui.internal.Workbench.createAndRunWorkbench(Workbench.java:555)
	at org.eclipse.ui.PlatformUI.createAndRunWorkbench(PlatformUI.java:173)
	at org.jkiss.dbeaver.ui.app.standalone.DBeaverApplication.start(DBeaverApplication.java:295)
	at org.eclipse.equinox.internal.app.EclipseAppHandle.run(EclipseAppHandle.java:208)
	at org.eclipse.core.runtime.internal.adaptor.EclipseAppLauncher.runApplication(EclipseAppLauncher.java:136)
	at org.eclipse.core.runtime.internal.adaptor.EclipseAppLauncher.start(EclipseAppLauncher.java:104)
	at org.eclipse.core.runtime.adaptor.EclipseStarter.run(EclipseStarter.java:402)
	at org.eclipse.core.runtime.adaptor.EclipseStarter.run(EclipseStarter.java:255)
	at java.base/jdk.internal.reflect.NativeMethodAccessorImpl.invoke0(Native Method)
	at java.base/jdk.internal.reflect.NativeMethodAccessorImpl.invoke(Unknown Source)
	at java.base/jdk.internal.reflect.DelegatingMethodAccessorImpl.invoke(Unknown Source)
	at java.base/java.lang.reflect.Method.invoke(Unknown Source)
	at org.jkiss.dbeaver.launcher.DBeaverLauncher.invokeFramework(DBeaverLauncher.java:647)
	at org.jkiss.dbeaver.launcher.DBeaverLauncher.basicRun(DBeaverLauncher.java:607)
	at org.jkiss.dbeaver.launcher.DBeaverLauncher.run(DBeaverLauncher.java:1464)
2024-05-07 15:12:56.859 - Datasource oracle_thin-18f3c211492-2c1234772ecf2464 not found in project General (/General/Scripts/apple1.sql)
2024-05-07 15:12:56.859 - Datasource oracle_thin-18f3c211492-2c1234772ecf2464 not found in project General (/General/Scripts/day011_oracle.sql)
2024-05-07 15:12:56.860 - Datasource oracle_thin-18f3c211492-2c1234772ecf2464 not found in project General (/General/Scripts/rollback.sql)
2024-05-07 15:12:56.860 - Datasource oracle_thin-18f3c211492-2c1234772ecf2464 not found in project General (/General/Scripts/scottTableInsert.sql)
2024-05-07 15:12:56.860 - Datasource oracle_thin-18f3c211492-2c1234772ecf2464 not found in project General (/General/Scripts/apple1.sql)
2024-05-07 15:12:56.860 - Datasource oracle_thin-18f3c211492-2c1234772ecf2464 not found in project General (/General/Scripts/day011_oracle.sql)
2024-05-07 15:12:56.860 - Datasource oracle_thin-18f3c211492-2c1234772ecf2464 not found in project General (/General/Scripts/rollback.sql)
2024-05-07 15:12:56.860 - Datasource oracle_thin-18f3c211492-2c1234772ecf2464 not found in project General (/General/Scripts/scottTableInsert.sql)
2024-05-07 15:19:25.536 - Execution context opened (localhost_root; SQLEditor <day02_oracle.sql>; 16)
2024-05-07 15:19:44.533 - Execution context closed (localhost_root, 16)
2024-05-07 15:20:20.884 - Datasource oracle_thin-18f3c211492-2c1234772ecf2464 not found in project General (/General/Scripts/apple1.sql)
2024-05-07 15:20:20.884 - Datasource oracle_thin-18f3c211492-2c1234772ecf2464 not found in project General (/General/Scripts/day011_oracle.sql)
2024-05-07 15:20:20.884 - Datasource oracle_thin-18f3c211492-2c1234772ecf2464 not found in project General (/General/Scripts/rollback.sql)
2024-05-07 15:20:20.884 - Datasource oracle_thin-18f3c211492-2c1234772ecf2464 not found in project General (/General/Scripts/scottTableInsert.sql)
2024-05-07 15:20:20.885 - Datasource oracle_thin-18f3c211492-2c1234772ecf2464 not found in project General (/General/Scripts/apple1.sql)
2024-05-07 15:20:20.885 - Datasource oracle_thin-18f3c211492-2c1234772ecf2464 not found in project General (/General/Scripts/day011_oracle.sql)
2024-05-07 15:20:20.885 - Datasource oracle_thin-18f3c211492-2c1234772ecf2464 not found in project General (/General/Scripts/rollback.sql)
2024-05-07 15:20:20.885 - Datasource oracle_thin-18f3c211492-2c1234772ecf2464 not found in project General (/General/Scripts/scottTableInsert.sql)
> Start Data Transfer UI [org.jkiss.dbeaver.data.transfer.ui 1.0.113.202404211624]
2024-05-07 15:35:38.331 - Service 'org.jkiss.dbeaver.runtime.ui.UIServiceSecurity' not found
2024-05-07 15:55:18.990 - Service 'org.jkiss.dbeaver.runtime.ui.UIServiceSecurity' not found
2024-05-07 15:55:30.623 - Connect with 'SCOTT' (mysql8-18f51a795b8-64ac05e13fea7d8)
2024-05-07 15:55:30.624 - Execution context opened (SCOTT; Main; 17)
2024-05-07 15:55:30.626 - Unknown database 'str'
org.jkiss.dbeaver.model.exec.DBCConnectException: Unknown database 'str'
	at org.jkiss.dbeaver.model.impl.jdbc.JDBCDataSource.openConnection(JDBCDataSource.java:265)
	at org.jkiss.dbeaver.ext.mysql.model.MySQLDataSource.openConnection(MySQLDataSource.java:481)
	at org.jkiss.dbeaver.model.impl.jdbc.JDBCExecutionContext.connect(JDBCExecutionContext.java:106)
	at org.jkiss.dbeaver.model.impl.jdbc.JDBCRemoteInstance.initializeMainContext(JDBCRemoteInstance.java:102)
	at org.jkiss.dbeaver.model.impl.jdbc.JDBCRemoteInstance.<init>(JDBCRemoteInstance.java:61)
	at org.jkiss.dbeaver.model.impl.jdbc.JDBCDataSource.initializeRemoteInstance(JDBCDataSource.java:119)
	at org.jkiss.dbeaver.model.impl.jdbc.JDBCDataSource.<init>(JDBCDataSource.java:103)
	at org.jkiss.dbeaver.model.impl.jdbc.JDBCDataSource.<init>(JDBCDataSource.java:94)
	at org.jkiss.dbeaver.ext.mysql.model.MySQLDataSource.<init>(MySQLDataSource.java:121)
	at org.jkiss.dbeaver.ext.mysql.model.MySQLDataSource.<init>(MySQLDataSource.java:116)
	at org.jkiss.dbeaver.ext.mysql.MySQLDataSourceProvider.openDataSource(MySQLDataSourceProvider.java:154)
	at org.jkiss.dbeaver.registry.DataSourceDescriptor.openDataSource(DataSourceDescriptor.java:1366)
	at org.jkiss.dbeaver.registry.DataSourceDescriptor.connect0(DataSourceDescriptor.java:1243)
	at org.jkiss.dbeaver.registry.DataSourceDescriptor.connect(DataSourceDescriptor.java:1033)
	at org.jkiss.dbeaver.runtime.jobs.ConnectJob.run(ConnectJob.java:78)
	at org.jkiss.dbeaver.runtime.jobs.ConnectJob.runSync(ConnectJob.java:109)
	at org.jkiss.dbeaver.ui.actions.datasource.DataSourceHandler.connectToDataSource(DataSourceHandler.java:117)
	at org.jkiss.dbeaver.ui.actions.datasource.UIServiceConnectionsImpl.initConnection(UIServiceConnectionsImpl.java:87)
	at org.jkiss.dbeaver.model.DBUtils.initDataSource(DBUtils.java:2505)
	at org.jkiss.dbeaver.model.navigator.DBNDataSource.initializeNode(DBNDataSource.java:158)
	at org.jkiss.dbeaver.model.navigator.DBNDatabaseNode.getChildren(DBNDatabaseNode.java:227)
	at org.jkiss.dbeaver.model.navigator.DBNDatabaseNode.getChildren(DBNDatabaseNode.java:1)
	at org.jkiss.dbeaver.model.navigator.DBNUtils.getNodeChildrenFiltered(DBNUtils.java:91)
	at org.jkiss.dbeaver.ui.navigator.database.load.TreeLoadService.evaluate(TreeLoadService.java:49)
	at org.jkiss.dbeaver.ui.navigator.database.load.TreeLoadService.evaluate(TreeLoadService.java:1)
	at org.jkiss.dbeaver.ui.LoadingJob.run(LoadingJob.java:89)
	at org.jkiss.dbeaver.ui.LoadingJob.run(LoadingJob.java:73)
	at org.jkiss.dbeaver.model.runtime.AbstractJob.run(AbstractJob.java:115)
	at org.eclipse.core.internal.jobs.Worker.run(Worker.java:63)
Caused by: java.sql.SQLSyntaxErrorException: Unknown database 'str'
	at com.mysql.cj.jdbc.exceptions.SQLError.createSQLException(SQLError.java:121)
	at com.mysql.cj.jdbc.exceptions.SQLExceptionsMapping.translateException(SQLExceptionsMapping.java:122)
	at com.mysql.cj.jdbc.ConnectionImpl.createNewIO(ConnectionImpl.java:815)
	at com.mysql.cj.jdbc.ConnectionImpl.<init>(ConnectionImpl.java:438)
	at com.mysql.cj.jdbc.ConnectionImpl.getInstance(ConnectionImpl.java:241)
	at com.mysql.cj.jdbc.NonRegisteringDriver.connect(NonRegisteringDriver.java:189)
	at org.jkiss.dbeaver.model.impl.jdbc.JDBCConnectionOpener.run(JDBCConnectionOpener.java:109)
	at org.jkiss.dbeaver.model.impl.jdbc.JDBCConnectionOpener.run(JDBCConnectionOpener.java:83)
	at org.jkiss.dbeaver.model.impl.jdbc.JDBCDataSource.openConnection(JDBCDataSource.java:221)
	... 28 more
2024-05-07 15:55:39.322 - Service 'org.jkiss.dbeaver.runtime.ui.UIServiceSecurity' not found
2024-05-07 15:55:44.114 - Service 'org.jkiss.dbeaver.runtime.ui.UIServiceSecurity' not found
2024-05-07 15:55:51.548 - Connect with 'SCOTT' (mysql8-18f51a795b8-64ac05e13fea7d8)
2024-05-07 15:55:51.549 - Execution context opened (SCOTT; Main; 18)
2024-05-07 15:55:51.552 - Execution context opened (SCOTT; Metadata; 19)
2024-05-07 15:55:51.567 - Connected (mysql8-18f51a795b8-64ac05e13fea7d8, MySQL Connector/J [mysql-connector-j-8.2.0 (Revision: 06a1f724497fd81c6a659131fda822c9e5085b6c)])
2024-05-07 16:03:43.382 - Datasource oracle_thin-18f3c211492-2c1234772ecf2464 not found in project General (/General/Scripts/apple1.sql)
2024-05-07 16:03:43.382 - Datasource oracle_thin-18f3c211492-2c1234772ecf2464 not found in project General (/General/Scripts/day011_oracle.sql)
2024-05-07 16:03:43.382 - Datasource oracle_thin-18f3c211492-2c1234772ecf2464 not found in project General (/General/Scripts/rollback.sql)
2024-05-07 16:03:43.383 - Datasource oracle_thin-18f3c211492-2c1234772ecf2464 not found in project General (/General/Scripts/scottTableInsert.sql)
2024-05-07 16:03:43.383 - Datasource oracle_thin-18f3c211492-2c1234772ecf2464 not found in project General (/General/Scripts/apple1.sql)
2024-05-07 16:03:43.383 - Datasource oracle_thin-18f3c211492-2c1234772ecf2464 not found in project General (/General/Scripts/day011_oracle.sql)
2024-05-07 16:03:43.383 - Datasource oracle_thin-18f3c211492-2c1234772ecf2464 not found in project General (/General/Scripts/rollback.sql)
2024-05-07 16:03:43.383 - Datasource oracle_thin-18f3c211492-2c1234772ecf2464 not found in project General (/General/Scripts/scottTableInsert.sql)
2024-05-07 16:17:04.090 - Service 'org.jkiss.dbeaver.runtime.ui.UIServiceSecurity' not found
2024-05-07 16:53:08.485 - End idle 2 transactions for mysql8-18f3c461bfa-21fe0936290d0a3f
2024-05-07 18:39:33.807 - Execution context closed (ROOT, 15)
2024-05-07 18:39:34.003 - DBeaver is stopping
2024-05-07 18:39:34.004 - Stop instance server
2024-05-07 18:39:35.010 - Instance server has been stopped
2024-05-07 18:39:35.010 - DBeaver shutdown completed
