2024-05-14 15:37:04.706 - DBeaver 24.0.3.202404211624 is starting
2024-05-14 15:37:04.707 - OS: Windows 11 10.0 (amd64)
2024-05-14 15:37:04.707 - Java version: 17.0.6 by Eclipse Adoptium (64bit)
2024-05-14 15:37:04.707 - Install path: 'C:\Users\dkswl\AppData\Local\DBeaver'
2024-05-14 15:37:04.707 - Instance path: 'file:/C:/Users/dkswl/OneDrive/Documents/code_upload/Auto_window/multi_it/backend/db/db1/'
2024-05-14 15:37:04.708 - Memory available 64Mb/1024Mb
2024-05-14 15:37:04.713 - Create display
2024-05-14 15:37:04.780 - Initialize desktop platform...
2024-05-14 15:37:04.853 - BounceCastle bundle found. Use JCE provider BC
> Start Core File Systems [org.eclipse.core.filesystem 1.10.200.v20231102-0934]
> Start Core Resource Management [org.eclipse.core.resources 3.20.0.v20231102-0934]
> Start 팀 지원 핵심 [org.eclipse.team.core 3.10.200.v20231106-1240]
> Start DBeaver UI Navigator [org.jkiss.dbeaver.ui.navigator 1.0.129.202404211624]
2024-05-14 15:37:04.969 - Initialize base platform...
2024-05-14 15:37:04.981 - Platform initialized (201ms)
> Start DBeaver UI Editors - Base [org.jkiss.dbeaver.ui.editors.base 1.0.129.202404211624]
2024-05-14 15:37:05.038 - Starting instance server at http://localhost:54828
2024-05-14 15:37:05.043 - Run workbench
> Start Eclipse e4 작업영역 SWT [org.eclipse.e4.ui.workbench.swt 0.17.200.v20231030-2045]
> Start Eclipse Application Services [org.eclipse.e4.core.services 2.4.200.v20231103-2012]
> Start Eclipse UI Application Services [org.eclipse.e4.ui.services 1.6.200.v20231030-2045]
> Start Eclipse e4 Progress View [org.eclipse.e4.ui.progress 0.4.200.v20231030-2045]
> Start Eclipse Bindings Support [org.eclipse.e4.ui.bindings 0.14.200.v20231030-2045]
> Start Eclipse e4 core commands [org.eclipse.e4.core.commands 1.1.200.v20231108-1058]
> Start EMF XML/XMI Persistence [org.eclipse.emf.ecore.xmi 2.36.0.v20231002-1156]
> Start Eclipse CSS SWT Theme Support [org.eclipse.e4.ui.css.swt.theme 0.14.200.v20230913-1724]
> Start Eclipse e4 작업영역 기능 추가 [org.eclipse.e4.ui.workbench.addons.swt 1.5.200.v20231106-1600]
> Start Eclipse e4 작업영역 SWT 렌더러 [org.eclipse.e4.ui.workbench.renderers.swt 0.16.200.v20231030-2045]
> Start Eclipse Dependency Injection Extensions [org.eclipse.e4.core.di.extensions 0.18.100.v20231103-2012]
> Start Eclipse CSS SWT Support [org.eclipse.e4.ui.css.swt 0.15.200.v20231025-0632]
> Start jna [com.sun.jna 5.13.0.v20230812-1000]
2024-05-14 15:37:05.878 - Configure workbench window
> Start DBeaver SQL Model [org.jkiss.dbeaver.model.sql 1.0.119.202404211624]
2024-05-14 15:37:05.962 - Total database drivers: 112 (112)
> Start 도움말 시스템 코어 [org.eclipse.help 3.10.200.v20231106-1240]
2024-05-14 15:37:06.000 - Create actions
2024-05-14 15:37:06.003 - Disable Eclipse action set 'org.eclipse.ui.edit.text.actionSet.annotationNavigation'
2024-05-14 15:37:06.003 - Disable Eclipse action set 'org.eclipse.ui.WorkingSetActionSet'
2024-05-14 15:37:06.003 - Disable Eclipse action set 'org.eclipse.ui.actionSet.openFiles'
2024-05-14 15:37:06.003 - Create workbench actions
2024-05-14 15:37:06.216 - Initialize workbench window
2024-05-14 15:37:06.219 - Finish initialization
> Start DBeaver UI Editors - Data [org.jkiss.dbeaver.ui.editors.data 1.0.129.202404211624]
> Start 인터넷 연결 관리 사용자 인터페이스 [org.eclipse.ui.net 1.5.200.v20231106-1240]
> Start Internet Connection Management [org.eclipse.core.net 1.5.200.v20231106-1240]
Warning: NLS unused message: actions_navigator__objects in: org.jkiss.dbeaver.ui.editors.sql.internal.SQLEditorMessages
> Start DBeaver UI Editors - SQL [org.jkiss.dbeaver.ui.editors.sql 1.0.129.202404211624]
> Start DBeaver Sample Database [org.jkiss.dbeaver.ext.sample.database 1.0.166.202404211624]
> Start DBeaver Tip of the day [org.jkiss.dbeaver.ext.ui.tipoftheday 1.0.135.202404211624]
> Start GEF Classic Draw2d [org.eclipse.draw2d 3.14.100.202311222042]
> Start GEF Classic GEF (MVC) [org.eclipse.gef 3.16.0.202311222042]
> Start DBeaver ERD UI [org.jkiss.dbeaver.erd.ui 3.0.89.202404211624]
> Start DBeaver ERD Model [org.jkiss.dbeaver.erd.model 1.0.89.202404211624]
> Start DBeaver Dashboard UI [org.jkiss.dbeaver.ui.dashboard 1.0.126.202404211624]
> Start DBeaver Dashboards Model [org.jkiss.dbeaver.model.dashboard 1.0.2.202404211624]
> Start DBeaver JDBC Model [org.jkiss.dbeaver.model.jdbc 1.0.22.202404211624]
> Start DBeaver Oracle Model [org.jkiss.dbeaver.ext.oracle 2.1.214.202404211624]
> Start 기본 문서 편집기 [org.eclipse.ui.editors 3.17.100.v20231106-1600]
> Start 텍스트 편집기 프레임워크 [org.eclipse.ui.workbench.texteditor 3.17.200.v20231106-1600]
> Start DBeaver UI Editors - Connections [org.jkiss.dbeaver.ui.editors.connection 1.0.120.202404211624]
2024-05-14 15:37:24.782 - Connect with 'SCOTT' (oracle_thin-18f5d9d0db8-1d803d45a8e93add)
2024-05-14 15:37:24.807 - Execution context opened (SCOTT; Main; 0)
2024-05-14 15:37:24.986 - Execution context opened (SCOTT; Metadata; 1)
2024-05-14 15:37:25.027 - Connected (oracle_thin-18f5d9d0db8-1d803d45a8e93add, Oracle JDBC driver [11.2.0.3.0])
> Start DBeaver Oracle UI [org.jkiss.dbeaver.ext.oracle.ui 1.0.116.202404211624]
2024-05-14 15:37:27.536 - Can't get column 'EXTERNAL_NAME': 부적합한 열 이름
2024-05-14 15:37:27.536 - Can't get column 'ACCOUNT_STATUS': 부적합한 열 이름
2024-05-14 15:37:27.536 - Can't get column 'LOCK_DATE': 부적합한 열 이름
2024-05-14 15:37:27.536 - Can't get column 'EXPIRY_DATE': 부적합한 열 이름
2024-05-14 15:37:27.536 - Can't get column 'DEFAULT_TABLESPACE': 부적합한 열 이름
2024-05-14 15:37:27.536 - Can't get column 'TEMPORARY_TABLESPACE': 부적합한 열 이름
2024-05-14 15:37:27.536 - Can't get column 'PROFILE': 부적합한 열 이름
2024-05-14 15:37:27.536 - Can't get column 'INITIAL_RSRC_CONSUMER_GROUP': 부적합한 열 이름
2024-05-14 15:37:36.982 - Can't get column 'PLUGGED_IN': 부적합한 열 이름
2024-05-14 17:08:50.337 - Datasource oracle_thin-18f3c211492-2c1234772ecf2464 not found in project General (/General/Scripts/apple1.sql)
2024-05-14 17:08:50.339 - Datasource oracle_thin-18f3db9c996-14d3d81bc8b1d691 not found in project General (/General/Scripts/day02_mysql.sql)
2024-05-14 17:08:50.339 - Datasource oracle_thin-18f55de7e19-3444e4cef96c14dc not found in project General (/General/Scripts/day03_oracle_hr.sql)
2024-05-14 17:08:50.340 - Datasource oracle_thin-18f5b3af3fd-57dbb2198538b9a0 not found in project General (/General/Scripts/day04_oracle_hr.sql)
2024-05-14 17:08:50.340 - Datasource oracle_thin-18f5b3af3fd-57dbb2198538b9a0 not found in project General (/General/Scripts/day04_oracle_scott.sql)
2024-05-14 17:08:50.341 - Datasource oracle_thin-18f71551f0a-1e1f9d64708d8fa3 not found in project General (/General/Scripts/day06_oracle_scott.sql)
2024-05-14 17:08:50.341 - Datasource oracle_thin-18f3c211492-2c1234772ecf2464 not found in project General (/General/Scripts/day011_oracle.sql)
2024-05-14 17:08:50.342 - Datasource oracle_thin-18f55de7e19-3444e4cef96c14dc not found in project General (/General/Scripts/DB_20240507_안지연.SQL)
2024-05-14 17:08:50.342 - Datasource oracle_thin-18f71551f0a-1e1f9d64708d8fa3 not found in project General (/General/Scripts/DB_202405089_안지연.SQL)
2024-05-14 17:08:50.344 - Datasource oracle_thin-18f3d8af798-258b22fed01fb076 not found in project General (/General/Scripts/eclipse.sql)
2024-05-14 17:08:50.345 - Datasource oracle_thin-18f3d8af798-258b22fed01fb076 not found in project General (/General/Scripts/homework.sql)
2024-05-14 17:08:50.345 - Datasource oracle_thin-18f3c211492-2c1234772ecf2464 not found in project General (/General/Scripts/rollback.sql)
2024-05-14 17:08:50.345 - Datasource oracle_thin-18f3db9c996-14d3d81bc8b1d691 not found in project General (/General/Scripts/Script-1.sql)
2024-05-14 17:08:50.347 - Datasource oracle_thin-18f3db9c996-14d3d81bc8b1d691 not found in project General (/General/Scripts/Script-2.sql)
2024-05-14 17:08:50.349 - Datasource oracle_thin-18f71551f0a-1e1f9d64708d8fa3 not found in project General (/General/Scripts/Script-11.sql)
2024-05-14 17:08:50.351 - Datasource oracle_thin-18f3db9c996-14d3d81bc8b1d691 not found in project General (/General/Scripts/Script.sql)
> Start DBeaver SQL Terminal [org.jkiss.dbeaver.ui.editors.sql.terminal 1.0.105.202404211624]
> Start 핵심 비교 지원 [org.eclipse.compare.core 3.8.300.v20231106-1240]
> Start 콘솔 [org.eclipse.ui.console 3.13.100.v20230914-0751]
> Start 디버그 핵심 [org.eclipse.debug.core 3.21.200.v20231021-1513]
> Start DBeaver SQL Language Semantic Model [org.jkiss.dbeaver.model.lsm 1.0.24.202404211624]
> Start DBeaver Tasks - Native Tools UI [org.jkiss.dbeaver.tasks.native.ui 1.0.107.202404211624]
> Start DBeaver Tasks - General UI [org.jkiss.dbeaver.tasks.ui 1.0.107.202404211624]
2024-05-14 17:09:11.107 - Connect with 'HR' (oracle_thin-18f75430f35-b9ae912f334027d)
2024-05-14 17:09:11.108 - Execution context opened (HR; Main; 2)
2024-05-14 17:09:11.131 - Execution context opened (HR; Metadata; 3)
2024-05-14 17:09:11.154 - Connected (oracle_thin-18f75430f35-b9ae912f334027d, Oracle JDBC driver [11.2.0.3.0])
2024-05-14 17:09:11.179 - Execution context opened (HR; SQLEditor <day07_oracle_scott.sql>; 4)
2024-05-14 17:09:41.968 - Execution context opened (HR; SQLEditor <day07_oracle_hr.sql>; 5)
2024-05-14 17:11:59.283 - Datasource oracle_thin-18f71551f0a-1e1f9d64708d8fa3 not found in project General (/General/Scripts/day06_oracle_scott.sql)
2024-05-14 17:11:59.284 - Datasource oracle_thin-18f71551f0a-1e1f9d64708d8fa3 not found in project General (/General/Scripts/day06_oracle_scott.sql)
2024-05-14 17:11:59.284 - Datasource oracle_thin-18f71551f0a-1e1f9d64708d8fa3 not found in project General (/General/Scripts/day06_oracle_scott.sql)
2024-05-14 17:11:59.284 - Datasource oracle_thin-18f71551f0a-1e1f9d64708d8fa3 not found in project General (/General/Scripts/day06_oracle_scott.sql)
2024-05-14 17:11:59.284 - Datasource oracle_thin-18f71551f0a-1e1f9d64708d8fa3 not found in project General (/General/Scripts/day06_oracle_scott.sql)
2024-05-14 17:11:59.494 - Datasource oracle_thin-18f71551f0a-1e1f9d64708d8fa3 not found in project General (/General/Scripts/day06_oracle_scott.sql)
2024-05-14 17:11:59.498 - Datasource oracle_thin-18f71551f0a-1e1f9d64708d8fa3 not found in project General (/General/Scripts/day06_oracle_scott.sql)
2024-05-14 17:11:59.651 - Datasource oracle_thin-18f71551f0a-1e1f9d64708d8fa3 not found in project General (/General/Scripts/day06_oracle_scott.sql)
2024-05-14 17:11:59.718 - Datasource oracle_thin-18f71551f0a-1e1f9d64708d8fa3 not found in project General (/General/Scripts/day06_oracle_scott.sql)
2024-05-14 17:12:15.297 - Error while analyzing query text: --ANSI 표준구문
-- 연결에 사용할 컬럼명이 같은경우에 USING(컬럼명)을 사용함

SELECT EMPNO, ENAME, JOB, DEPTNO, LOC
FROM EMP
JOIN DEPT USING (DEPTNO)
java.lang.UnsupportedOperationException: Symbol already classified
	at org.jkiss.dbeaver.ui.editors.sql.semantics.SQLQuerySymbol.setSymbolClass(SQLQuerySymbol.java:49)
	at org.jkiss.dbeaver.ui.editors.sql.semantics.SQLQuerySymbol.setDefinition(SQLQuerySymbol.java:70)
	at org.jkiss.dbeaver.ui.editors.sql.semantics.model.SQLQueryRowsNaturalJoinModel.propagateContextImpl(SQLQueryRowsNaturalJoinModel.java:82)
	at org.jkiss.dbeaver.ui.editors.sql.semantics.model.SQLQueryRowsSourceModel.propagateContext(SQLQueryRowsSourceModel.java:64)
	at org.jkiss.dbeaver.ui.editors.sql.semantics.model.SQLQueryRowsProjectionModel.propagateContextImpl(SQLQueryRowsProjectionModel.java:106)
	at org.jkiss.dbeaver.ui.editors.sql.semantics.model.SQLQueryRowsSourceModel.propagateContext(SQLQueryRowsSourceModel.java:64)
	at org.jkiss.dbeaver.ui.editors.sql.semantics.model.SQLQueryRowsSourceModel.applyContext(SQLQueryRowsSourceModel.java:55)
	at org.jkiss.dbeaver.ui.editors.sql.semantics.model.SQLQueryModel.propagateContext(SQLQueryModel.java:69)
	at org.jkiss.dbeaver.ui.editors.sql.semantics.SQLQueryModelRecognizer.recognizeQuery(SQLQueryModelRecognizer.java:651)
	at org.jkiss.dbeaver.ui.editors.sql.semantics.SQLBackgroundParsingJob.doWork(SQLBackgroundParsingJob.java:501)
	at org.jkiss.dbeaver.ui.editors.sql.semantics.SQLBackgroundParsingJob$1.run(SQLBackgroundParsingJob.java:81)
	at org.jkiss.dbeaver.model.runtime.AbstractJob.run(AbstractJob.java:115)
	at org.eclipse.core.internal.jobs.Worker.run(Worker.java:63)
2024-05-14 17:13:23.295 - Error while analyzing query text: --ANSI 표준구문
-- 연결에 사용할 컬럼명이 같은경우에 USING(컬럼명)을 사용함

SELECT EMPNO, ENAME, JOB, DEPTNO, LOC
FROM EMP
JOIN DEPT USING (DEPTNO)
java.lang.UnsupportedOperationException: Symbol already classified
	at org.jkiss.dbeaver.ui.editors.sql.semantics.SQLQuerySymbol.setSymbolClass(SQLQuerySymbol.java:49)
	at org.jkiss.dbeaver.ui.editors.sql.semantics.SQLQuerySymbol.setDefinition(SQLQuerySymbol.java:70)
	at org.jkiss.dbeaver.ui.editors.sql.semantics.model.SQLQueryRowsNaturalJoinModel.propagateContextImpl(SQLQueryRowsNaturalJoinModel.java:82)
	at org.jkiss.dbeaver.ui.editors.sql.semantics.model.SQLQueryRowsSourceModel.propagateContext(SQLQueryRowsSourceModel.java:64)
	at org.jkiss.dbeaver.ui.editors.sql.semantics.model.SQLQueryRowsProjectionModel.propagateContextImpl(SQLQueryRowsProjectionModel.java:106)
	at org.jkiss.dbeaver.ui.editors.sql.semantics.model.SQLQueryRowsSourceModel.propagateContext(SQLQueryRowsSourceModel.java:64)
	at org.jkiss.dbeaver.ui.editors.sql.semantics.model.SQLQueryRowsSourceModel.applyContext(SQLQueryRowsSourceModel.java:55)
	at org.jkiss.dbeaver.ui.editors.sql.semantics.model.SQLQueryModel.propagateContext(SQLQueryModel.java:69)
	at org.jkiss.dbeaver.ui.editors.sql.semantics.SQLQueryModelRecognizer.recognizeQuery(SQLQueryModelRecognizer.java:651)
	at org.jkiss.dbeaver.ui.editors.sql.semantics.SQLBackgroundParsingJob.doWork(SQLBackgroundParsingJob.java:501)
	at org.jkiss.dbeaver.ui.editors.sql.semantics.SQLBackgroundParsingJob$1.run(SQLBackgroundParsingJob.java:81)
	at org.jkiss.dbeaver.model.runtime.AbstractJob.run(AbstractJob.java:115)
	at org.eclipse.core.internal.jobs.Worker.run(Worker.java:63)
2024-05-14 17:25:37.664 - Execution context closed (HR, 5)
2024-05-14 17:25:37.747 - Execution context closed (HR, 4)
2024-05-14 17:25:37.944 - DBeaver is stopping
2024-05-14 17:25:37.944 - Stop instance server
2024-05-14 17:25:38.956 - Instance server has been stopped
2024-05-14 17:25:38.956 - DBeaver shutdown completed
